[2025-05-17 10:52:45] [INFO] [Main] Starting Decryption application
[2025-05-17 10:52:45] [INFO] [WordListProvider] Default wordlist not found. Using built-in word list.
[2025-05-17 10:52:45] [INFO] [ScoreManager] No score file found. Starting with fresh scores.
[2025-05-17 10:52:45] [INFO] [WordListProvider] Generated daily word list for 2025-05-17 with 9 words
[2025-05-17 10:52:45] [INFO] [GameService] New game started with target word: SOFTWARE
[2025-05-17 10:52:45] [INFO] [GameService] Word options: LANGUAGE, VARIABLE, SOFTWARE, MICROCHIP, WIRELESS, DATABASE, ALGORITHM, QUANTUM, KEYBOARD
[2025-05-17 10:52:45] [INFO] [Main] Application started successfully
[2025-05-17 10:52:52] [INFO] [GameController] Statistics requested
[2025-05-17 10:52:59] [INFO] [GameController] New game requested
[2025-05-17 10:52:59] [INFO] [GameService] New game started with target word: MICROCHIP
[2025-05-17 10:52:59] [INFO] [GameService] Word options: LANGUAGE, VARIABLE, SOFTWARE, MICROCHIP, WIRELESS, DATABASE, ALGORITHM, QUANTUM, KEYBOARD
[2025-05-17 10:53:06] [INFO] [Main] Application shutting down
[2025-05-17 11:08:22] [INFO] [Main] Starting Decryption application
[2025-05-17 11:08:22] [INFO] [WordListProvider] Loaded words from /wordlists/wordslength3.txt
[2025-05-17 11:08:22] [INFO] [WordListProvider] Loaded words from /wordlists/wordslength4.txt
[2025-05-17 11:08:22] [INFO] [WordListProvider] Loaded words from /wordlists/wordslength5.txt
[2025-05-17 11:08:22] [INFO] [WordListProvider] Loaded words from /wordlists/wordslength6.txt
[2025-05-17 11:08:22] [INFO] [WordListProvider] Loaded words from /wordlists/wordslength7.txt
[2025-05-17 11:08:22] [INFO] [WordListProvider] Loaded words from /wordlists/wordslength8.txt
[2025-05-17 11:08:22] [INFO] [WordListProvider] Loaded words from /wordlists/wordslength9.txt
[2025-05-17 11:08:22] [INFO] [WordListProvider] Loaded words from /wordlists/wordslength10.txt
[2025-05-17 11:08:22] [INFO] [WordListProvider] Loaded words from /wordlists/wordslength11.txt
[2025-05-17 11:08:22] [INFO] [WordListProvider] Loaded words from /wordlists/wordslength12.txt
[2025-05-17 11:08:22] [INFO] [WordListProvider] Loaded words from /wordlists/wordslength13.txt
[2025-05-17 11:08:22] [INFO] [WordListProvider] Loaded words from /wordlists/wordslength14.txt
[2025-05-17 11:08:22] [INFO] [WordListProvider] Total words loaded: 3236
[2025-05-17 11:08:22] [INFO] [ScoreManager] No score file found. Starting with fresh scores.
[2025-05-17 11:08:22] [INFO] [WordListProvider] Generated daily word list for 2025-05-17 with 8 words
[2025-05-17 11:08:22] [INFO] [GameService] New game started with target word: MIDNIGHT
[2025-05-17 11:08:22] [INFO] [GameService] Word options: COMPARTMENT, FOUNTAIN, RIVER, INSURE, EAST, PATIENCE, UNDERSTAND, MIDNIGHT
[2025-05-17 11:08:22] [INFO] [Main] Application started successfully
[2025-05-17 11:08:26] [INFO] [GameController] New game requested
[2025-05-17 11:08:26] [INFO] [GameService] New game started with target word: UNDERSTAND
[2025-05-17 11:08:26] [INFO] [GameService] Word options: COMPARTMENT, FOUNTAIN, RIVER, INSURE, EAST, PATIENCE, UNDERSTAND, MIDNIGHT
[2025-05-17 11:08:27] [INFO] [GameController] New game requested
[2025-05-17 11:08:27] [INFO] [GameService] New game started with target word: RIVER
[2025-05-17 11:08:27] [INFO] [GameService] Word options: COMPARTMENT, FOUNTAIN, RIVER, INSURE, EAST, PATIENCE, UNDERSTAND, MIDNIGHT
[2025-05-17 11:08:28] [INFO] [Main] Application shutting down
[2025-05-17 11:13:10] [INFO] [Main] Starting Decryption application
[2025-05-17 11:13:10] [INFO] [WordListProvider] Loaded 151 words from /wordlists/wordslength3.txt
[2025-05-17 11:13:10] [INFO] [WordListProvider] Loaded 538 words from /wordlists/wordslength4.txt
[2025-05-17 11:13:10] [INFO] [WordListProvider] Loaded 565 words from /wordlists/wordslength5.txt
[2025-05-17 11:13:10] [INFO] [WordListProvider] Loaded 538 words from /wordlists/wordslength6.txt
[2025-05-17 11:13:10] [INFO] [WordListProvider] Loaded 458 words from /wordlists/wordslength7.txt
[2025-05-17 11:13:10] [INFO] [WordListProvider] Loaded 354 words from /wordlists/wordslength8.txt
[2025-05-17 11:13:10] [INFO] [WordListProvider] Loaded 258 words from /wordlists/wordslength9.txt
[2025-05-17 11:13:10] [INFO] [WordListProvider] Loaded 183 words from /wordlists/wordslength10.txt
[2025-05-17 11:13:10] [INFO] [WordListProvider] Loaded 110 words from /wordlists/wordslength11.txt
[2025-05-17 11:13:10] [INFO] [WordListProvider] Loaded 46 words from /wordlists/wordslength12.txt
[2025-05-17 11:13:10] [INFO] [WordListProvider] Loaded 21 words from /wordlists/wordslength13.txt
[2025-05-17 11:13:10] [INFO] [WordListProvider] Loaded 14 words from /wordlists/wordslength14.txt
[2025-05-17 11:13:10] [INFO] [WordListProvider] Completed loading word lists by length.
[2025-05-17 11:13:10] [INFO] [ScoreManager] No score file found. Starting with fresh scores.
[2025-05-17 11:13:11] [INFO] [WordListProvider] Generated daily word list for 2025-05-17 with length 4
[2025-05-17 11:13:11] [INFO] [GameService] New game started with target word: FOOD
[2025-05-17 11:13:11] [INFO] [GameService] Word options: UNIT, LEND, GAME, PLUG, FOOD, CALM, COLD, KEEP
[2025-05-17 11:13:11] [INFO] [Main] Application started successfully
[2025-05-17 11:13:14] [INFO] [GameController] New game requested
[2025-05-17 11:13:14] [INFO] [GameService] New game started with target word: GAME
[2025-05-17 11:13:14] [INFO] [GameService] Word options: UNIT, LEND, GAME, PLUG, FOOD, CALM, COLD, KEEP
[2025-05-17 11:13:15] [INFO] [GameController] New game requested
[2025-05-17 11:13:15] [INFO] [GameService] New game started with target word: GAME
[2025-05-17 11:13:15] [INFO] [GameService] Word options: UNIT, LEND, GAME, PLUG, FOOD, CALM, COLD, KEEP
[2025-05-17 11:13:16] [INFO] [GameController] New game requested
[2025-05-17 11:13:16] [INFO] [GameService] New game started with target word: PLUG
[2025-05-17 11:13:16] [INFO] [GameService] Word options: UNIT, LEND, GAME, PLUG, FOOD, CALM, COLD, KEEP
[2025-05-17 11:13:17] [INFO] [GameController] New game requested
[2025-05-17 11:13:17] [INFO] [GameService] New game started with target word: CALM
[2025-05-17 11:13:17] [INFO] [GameService] Word options: UNIT, LEND, GAME, PLUG, FOOD, CALM, COLD, KEEP
[2025-05-17 11:13:19] [INFO] [GameController] New game requested
[2025-05-17 11:13:19] [INFO] [GameService] New game started with target word: FOOD
[2025-05-17 11:13:19] [INFO] [GameService] Word options: UNIT, LEND, GAME, PLUG, FOOD, CALM, COLD, KEEP
[2025-05-17 11:13:20] [INFO] [GameController] New game requested
[2025-05-17 11:13:20] [INFO] [GameService] New game started with target word: CALM
[2025-05-17 11:13:20] [INFO] [GameService] Word options: UNIT, LEND, GAME, PLUG, FOOD, CALM, COLD, KEEP
[2025-05-17 11:13:21] [INFO] [GameController] New game requested
[2025-05-17 11:13:21] [INFO] [GameService] New game started with target word: KEEP
[2025-05-17 11:13:21] [INFO] [GameService] Word options: UNIT, LEND, GAME, PLUG, FOOD, CALM, COLD, KEEP
[2025-05-17 11:13:22] [INFO] [GameController] New game requested
[2025-05-17 11:13:22] [INFO] [GameService] New game started with target word: GAME
[2025-05-17 11:13:22] [INFO] [GameService] Word options: UNIT, LEND, GAME, PLUG, FOOD, CALM, COLD, KEEP
[2025-05-17 11:13:22] [INFO] [GameController] New game requested
[2025-05-17 11:13:22] [INFO] [GameService] New game started with target word: CALM
[2025-05-17 11:13:22] [INFO] [GameService] Word options: UNIT, LEND, GAME, PLUG, FOOD, CALM, COLD, KEEP
[2025-05-17 11:13:23] [INFO] [GameController] New game requested
[2025-05-17 11:13:23] [INFO] [GameService] New game started with target word: LEND
[2025-05-17 11:13:23] [INFO] [GameService] Word options: UNIT, LEND, GAME, PLUG, FOOD, CALM, COLD, KEEP
[2025-05-17 11:13:23] [INFO] [GameController] New game requested
[2025-05-17 11:13:23] [INFO] [GameService] New game started with target word: PLUG
[2025-05-17 11:13:23] [INFO] [GameService] Word options: UNIT, LEND, GAME, PLUG, FOOD, CALM, COLD, KEEP
[2025-05-17 11:13:23] [INFO] [GameController] New game requested
[2025-05-17 11:13:23] [INFO] [GameService] New game started with target word: KEEP
[2025-05-17 11:13:23] [INFO] [GameService] Word options: UNIT, LEND, GAME, PLUG, FOOD, CALM, COLD, KEEP
[2025-05-17 11:13:23] [INFO] [GameController] New game requested
[2025-05-17 11:13:23] [INFO] [GameService] New game started with target word: PLUG
[2025-05-17 11:13:23] [INFO] [GameService] Word options: UNIT, LEND, GAME, PLUG, FOOD, CALM, COLD, KEEP
[2025-05-17 11:13:23] [INFO] [GameController] New game requested
[2025-05-17 11:13:23] [INFO] [GameService] New game started with target word: COLD
[2025-05-17 11:13:23] [INFO] [GameService] Word options: UNIT, LEND, GAME, PLUG, FOOD, CALM, COLD, KEEP
[2025-05-17 11:13:24] [INFO] [GameController] New game requested
[2025-05-17 11:13:24] [INFO] [GameService] New game started with target word: GAME
[2025-05-17 11:13:24] [INFO] [GameService] Word options: UNIT, LEND, GAME, PLUG, FOOD, CALM, COLD, KEEP
[2025-05-17 11:13:24] [INFO] [GameController] New game requested
[2025-05-17 11:13:24] [INFO] [GameService] New game started with target word: KEEP
[2025-05-17 11:13:24] [INFO] [GameService] Word options: UNIT, LEND, GAME, PLUG, FOOD, CALM, COLD, KEEP
[2025-05-17 11:13:24] [INFO] [GameController] New game requested
[2025-05-17 11:13:24] [INFO] [GameService] New game started with target word: KEEP
[2025-05-17 11:13:24] [INFO] [GameService] Word options: UNIT, LEND, GAME, PLUG, FOOD, CALM, COLD, KEEP
[2025-05-17 11:13:24] [INFO] [GameController] New game requested
[2025-05-17 11:13:24] [INFO] [GameService] New game started with target word: GAME
[2025-05-17 11:13:24] [INFO] [GameService] Word options: UNIT, LEND, GAME, PLUG, FOOD, CALM, COLD, KEEP
[2025-05-17 11:13:24] [INFO] [GameController] New game requested
[2025-05-17 11:13:24] [INFO] [GameService] New game started with target word: PLUG
[2025-05-17 11:13:24] [INFO] [GameService] Word options: UNIT, LEND, GAME, PLUG, FOOD, CALM, COLD, KEEP
[2025-05-17 11:13:25] [INFO] [GameController] New game requested
[2025-05-17 11:13:25] [INFO] [GameService] New game started with target word: PLUG
[2025-05-17 11:13:25] [INFO] [GameService] Word options: UNIT, LEND, GAME, PLUG, FOOD, CALM, COLD, KEEP
[2025-05-17 11:13:25] [INFO] [GameController] New game requested
[2025-05-17 11:13:25] [INFO] [GameService] New game started with target word: UNIT
[2025-05-17 11:13:25] [INFO] [GameService] Word options: UNIT, LEND, GAME, PLUG, FOOD, CALM, COLD, KEEP
[2025-05-17 11:13:25] [INFO] [GameController] New game requested
[2025-05-17 11:13:25] [INFO] [GameService] New game started with target word: COLD
[2025-05-17 11:13:25] [INFO] [GameService] Word options: UNIT, LEND, GAME, PLUG, FOOD, CALM, COLD, KEEP
[2025-05-17 11:13:25] [INFO] [GameController] New game requested
[2025-05-17 11:13:25] [INFO] [GameService] New game started with target word: COLD
[2025-05-17 11:13:25] [INFO] [GameService] Word options: UNIT, LEND, GAME, PLUG, FOOD, CALM, COLD, KEEP
[2025-05-17 11:13:25] [INFO] [GameController] New game requested
[2025-05-17 11:13:25] [INFO] [GameService] New game started with target word: LEND
[2025-05-17 11:13:25] [INFO] [GameService] Word options: UNIT, LEND, GAME, PLUG, FOOD, CALM, COLD, KEEP
[2025-05-17 11:13:26] [INFO] [Main] Application shutting down
[2025-05-17 11:17:24] [INFO] [Main] Starting Decryption application
[2025-05-17 11:17:24] [INFO] [WordListProvider] Loaded words from /wordlists/wordslength3.txt
[2025-05-17 11:17:24] [INFO] [WordListProvider] Loaded words from /wordlists/wordslength4.txt
[2025-05-17 11:17:24] [INFO] [WordListProvider] Loaded words from /wordlists/wordslength5.txt
[2025-05-17 11:17:24] [INFO] [WordListProvider] Loaded words from /wordlists/wordslength6.txt
[2025-05-17 11:17:24] [INFO] [WordListProvider] Loaded words from /wordlists/wordslength7.txt
[2025-05-17 11:17:24] [INFO] [WordListProvider] Loaded words from /wordlists/wordslength8.txt
[2025-05-17 11:17:24] [INFO] [WordListProvider] Loaded words from /wordlists/wordslength9.txt
[2025-05-17 11:17:24] [INFO] [WordListProvider] Loaded words from /wordlists/wordslength10.txt
[2025-05-17 11:17:24] [INFO] [WordListProvider] Loaded words from /wordlists/wordslength11.txt
[2025-05-17 11:17:24] [INFO] [WordListProvider] Loaded words from /wordlists/wordslength12.txt
[2025-05-17 11:17:24] [INFO] [WordListProvider] Loaded words from /wordlists/wordslength13.txt
[2025-05-17 11:17:24] [INFO] [WordListProvider] Loaded words from /wordlists/wordslength14.txt
[2025-05-17 11:17:24] [INFO] [WordListProvider] Total words loaded: 3236
[2025-05-17 11:17:24] [INFO] [ScoreManager] No score file found. Starting with fresh scores.
[2025-05-17 11:17:25] [INFO] [GameService] New game started with target word: GIFT
[2025-05-17 11:17:25] [INFO] [GameService] Word options: HOOK, STEM, GIFT, HIDE, RISK, CALL, WIRE, FINE
[2025-05-17 11:17:25] [INFO] [Main] Application started successfully
[2025-05-17 11:17:26] [INFO] [GameController] New game requested
[2025-05-17 11:17:26] [INFO] [GameService] New game started with target word: EMERGENCY
[2025-05-17 11:17:26] [INFO] [GameService] Word options: STRUCTURE, PNEUMONIA, DIMENSION, EMERGENCY, INVISIBLE, CANDIDATE, EXECUTIVE, FASCINATE
[2025-05-17 11:17:28] [INFO] [GameController] New game requested
[2025-05-17 11:17:28] [INFO] [GameService] New game started with target word: LOCATION
[2025-05-17 11:17:28] [INFO] [GameService] Word options: RESPONSE, ABSTRACT, SOFTWARE, INSTINCT, CRACKPOT, FOOTBALL, REACTION, LOCATION
[2025-05-17 11:17:36] [INFO] [GameController] New game requested
[2025-05-17 11:17:36] [INFO] [GameService] New game started with target word: HOSPITALITY
[2025-05-17 11:17:36] [INFO] [GameService] Word options: INSTITUTION, ENVIRONMENT, TRANSPARENT, IMPROVEMENT, PERSONALITY, LEGISLATION, PERFORMANCE, HOSPITALITY
[2025-05-17 11:17:37] [INFO] [GameController] New game requested
[2025-05-17 11:17:37] [INFO] [GameService] New game started with target word: QUALIFICATION
[2025-05-17 11:17:37] [INFO] [GameService] Word options: ENTERTAINMENT, SUPPLEMENTARY, CONSTELLATION, COMPREHENSIVE, SHORT CIRCUIT, UNDERSTANDING, QUALIFICATION, DEMONSTRATION
[2025-05-17 11:17:38] [INFO] [GameController] New game requested
[2025-05-17 11:17:38] [INFO] [GameService] New game started with target word: LITERACY
[2025-05-17 11:17:38] [INFO] [GameService] Word options: RESTLESS, ADVOCATE, LANGUAGE, DISCREET, VERTICAL, LITERACY, MOSQUITO, FORESTRY
[2025-05-17 11:17:38] [INFO] [GameController] New game requested
[2025-05-17 11:17:38] [INFO] [GameService] New game started with target word: ENVIRONMENTAL
[2025-05-17 11:17:38] [INFO] [GameService] Word options: CONFRONTATION, STRIKEBREAKER, SHORT CIRCUIT, COMPREHENSIVE, ENVIRONMENTAL, CONSIDERATION, UNDERSTANDING, EMBARRASSMENT
[2025-05-17 11:17:38] [INFO] [GameController] New game requested
[2025-05-17 11:17:38] [INFO] [GameService] New game started with target word: CREDIT CARD
[2025-05-17 11:17:38] [INFO] [GameService] Word options: CREDIT CARD, CONSOLIDATE, PREPARATION, INSPIRATION, COMPARTMENT, HOSPITALITY, OPERATIONAL, LEGISLATURE
[2025-05-17 11:17:39] [INFO] [GameController] New game requested
[2025-05-17 11:17:39] [INFO] [GameService] New game started with target word: HARDWARE
[2025-05-17 11:17:39] [INFO] [GameService] Word options: DIALOGUE, FINISHED, SANDWICH, HARDWARE, ILLUSION, MISTREAT, BIRTHDAY, ACTIVITY
[2025-05-17 11:17:39] [INFO] [GameController] New game requested
[2025-05-17 11:17:39] [INFO] [GameService] New game started with target word: CONSTITUENCY
[2025-05-17 11:17:39] [INFO] [GameService] Word options: CONSERVATIVE, CONSERVATION, SPOKESPERSON, CONSTITUENCY, CIVILIZATION, CONVERSATION, INTERMEDIATE, INTRODUCTION
[2025-05-17 11:17:39] [INFO] [GameController] New game requested
[2025-05-17 11:17:39] [INFO] [GameService] New game started with target word: DETECTIVE
[2025-05-17 11:17:39] [INFO] [GameService] Word options: MODERNIZE, HIGHLIGHT, CULTIVATE, NOTORIOUS, COPYRIGHT, DETECTIVE, RECOGNIZE, ATTENTION
[2025-05-17 11:17:39] [INFO] [GameController] New game requested
[2025-05-17 11:17:39] [INFO] [GameService] New game started with target word: BOARD
[2025-05-17 11:17:39] [INFO] [GameService] Word options: CHEST, BOARD, LEMON, REBEL, DEATH, LODGE, EAGLE, OBESE
[2025-05-17 11:17:40] [INFO] [GameController] New game requested
[2025-05-17 11:17:40] [INFO] [GameService] New game started with target word: DEFINE
[2025-05-17 11:17:40] [INFO] [GameService] Word options: DEFINE, WEIGHT, SQUARE, BETRAY, ROTTEN, AGENDA, WORKER, BOUNCE
[2025-05-17 11:17:40] [INFO] [GameController] New game requested
[2025-05-17 11:17:40] [INFO] [GameService] New game started with target word: NATIONALISM
[2025-05-17 11:17:40] [INFO] [GameService] Word options: PROSECUTION, UNCERTAINTY, TRANSACTION, OPERATIONAL, INFORMATION, APPOINTMENT, CONSUMPTION, NATIONALISM
[2025-05-17 11:17:40] [INFO] [GameController] New game requested
[2025-05-17 11:17:40] [INFO] [GameService] New game started with target word: ENTERTAINMENT
[2025-05-17 11:17:40] [INFO] [GameService] Word options: CONSTELLATION, CONFRONTATION, QUALIFICATION, ENTERTAINMENT, INAPPROPRIATE, CONSCIOUSNESS, CONCENTRATION, SHORT CIRCUIT
[2025-05-17 11:17:40] [INFO] [GameController] New game requested
[2025-05-17 11:17:40] [INFO] [GameService] New game started with target word: CONCENTRATION
[2025-05-17 11:17:40] [INFO] [GameService] Word options: INVESTIGATION, QUALIFICATION, CONSTELLATION, DEMONSTRATION, CONCENTRATION, ENVIRONMENTAL, REVOLUTIONARY, CONTRADICTION
[2025-05-17 11:17:40] [INFO] [GameController] New game requested
[2025-05-17 11:17:40] [INFO] [GameService] New game started with target word: WORDING
[2025-05-17 11:17:40] [INFO] [GameService] Word options: IMPULSE, CLUSTER, GENERAL, REALISM, ABRIDGE, WORDING, BARGAIN, ELEMENT
[2025-05-17 11:17:49] [INFO] [GameController] New game requested
[2025-05-17 11:17:49] [INFO] [GameService] New game started with target word: SUITE
[2025-05-17 11:17:49] [INFO] [GameService] Word options: MOUSE, PRIZE, BERRY, ROBOT, BACON, LUNCH, BRAVE, SUITE
[2025-05-17 11:17:51] [INFO] [GameController] New game requested
[2025-05-17 11:17:51] [INFO] [GameService] New game started with target word: RIDE
[2025-05-17 11:17:51] [INFO] [GameService] Word options: STAB, WAVE, HOUR, HOLE, HAVE, NOTE, RIDE, CASH
[2025-05-17 11:17:52] [INFO] [GameController] New game requested
[2025-05-17 11:17:52] [INFO] [GameService] New game started with target word: CHIMPANZEE
[2025-05-17 11:17:52] [INFO] [GameService] Word options: PLAGIARIZE, INTEGRATED, PROPORTION, CHIMPANZEE, REGULATION, ASSIGNMENT, BRILLIANCE, DISCIPLINE
[2025-05-17 11:17:53] [INFO] [GameController] New game requested
[2025-05-17 11:17:53] [INFO] [GameService] New game started with target word: PROMOTION
[2025-05-17 11:17:53] [INFO] [GameService] Word options: AGREEMENT, PENETRATE, INTENSIFY, UNDERTAKE, DISCOVERY, PROMOTION, TRANSPORT, BIOGRAPHY
[2025-05-17 11:17:53] [INFO] [GameController] New game requested
[2025-05-17 11:17:53] [INFO] [GameService] New game started with target word: FLU
[2025-05-17 11:17:53] [INFO] [GameService] Word options: SEA, ANT, DOG, EGO, MAP, FLU, BEG, DAY
[2025-05-17 11:17:54] [INFO] [Main] Application shutting down
[2025-05-17 11:20:00] [INFO] [Main] Starting Decryption application
[2025-05-17 11:20:00] [INFO] [WordListProvider] Loaded words from /wordlists/wordslength3.txt
[2025-05-17 11:20:00] [INFO] [WordListProvider] Loaded words from /wordlists/wordslength4.txt
[2025-05-17 11:20:00] [INFO] [WordListProvider] Loaded words from /wordlists/wordslength5.txt
[2025-05-17 11:20:00] [INFO] [WordListProvider] Loaded words from /wordlists/wordslength6.txt
[2025-05-17 11:20:00] [INFO] [WordListProvider] Loaded words from /wordlists/wordslength7.txt
[2025-05-17 11:20:00] [INFO] [WordListProvider] Loaded words from /wordlists/wordslength8.txt
[2025-05-17 11:20:00] [INFO] [WordListProvider] Loaded words from /wordlists/wordslength9.txt
[2025-05-17 11:20:00] [INFO] [WordListProvider] Loaded words from /wordlists/wordslength10.txt
[2025-05-17 11:20:00] [INFO] [WordListProvider] Loaded words from /wordlists/wordslength11.txt
[2025-05-17 11:20:00] [INFO] [WordListProvider] Loaded words from /wordlists/wordslength12.txt
[2025-05-17 11:20:00] [INFO] [WordListProvider] Loaded words from /wordlists/wordslength13.txt
[2025-05-17 11:20:00] [INFO] [WordListProvider] Loaded words from /wordlists/wordslength14.txt
[2025-05-17 11:20:00] [INFO] [WordListProvider] Total words loaded: 3236
[2025-05-17 11:20:00] [INFO] [ScoreManager] No score file found. Starting with fresh scores.
[2025-05-17 11:20:00] [INFO] [GameService] New game started with target word: TENT
[2025-05-17 11:20:00] [INFO] [GameService] Word options: MINE, POEM, CURL, FADE, RICE, MASS, SNUB, TENT
[2025-05-17 11:20:00] [INFO] [Main] Application started successfully
[2025-05-17 11:20:04] [INFO] [GameController] New game requested
[2025-05-17 11:20:04] [INFO] [GameService] New game started with target word: PEPPER
[2025-05-17 11:20:04] [INFO] [GameService] Word options: GLOBAL, REGRET, JOCKEY, TYCOON, PREACH, PEPPER, FAVOUR, LABOUR
[2025-05-17 11:20:05] [INFO] [GameController] New game requested
[2025-05-17 11:20:05] [INFO] [GameService] New game started with target word: SLAP
[2025-05-17 11:20:05] [INFO] [GameService] Word options: MASK, SLAM, HELL, WORK, WIND, SLAP, BLOW, FOOT
[2025-05-17 11:20:06] [INFO] [GameController] New game requested
[2025-05-17 11:20:06] [INFO] [GameService] New game started with target word: ADOPTION
[2025-05-17 11:20:06] [INFO] [GameService] Word options: ADOPTION, COMPLAIN, RELIABLE, ELECTRON, RESPONSE, SEQUENCE, EQUATION, BUTTOCKS
[2025-05-17 11:20:07] [INFO] [Main] Application shutting down
[2025-05-17 11:22:57] [INFO] [Main] Starting Decryption application
[2025-05-17 11:22:57] [INFO] [WordListProvider] Loaded words from /wordlists/wordslength3.txt
[2025-05-17 11:22:57] [INFO] [WordListProvider] Loaded words from /wordlists/wordslength4.txt
[2025-05-17 11:22:57] [INFO] [WordListProvider] Loaded words from /wordlists/wordslength5.txt
[2025-05-17 11:22:57] [INFO] [WordListProvider] Loaded words from /wordlists/wordslength6.txt
[2025-05-17 11:22:57] [INFO] [WordListProvider] Loaded words from /wordlists/wordslength7.txt
[2025-05-17 11:22:57] [INFO] [WordListProvider] Loaded words from /wordlists/wordslength8.txt
[2025-05-17 11:22:57] [INFO] [WordListProvider] Loaded words from /wordlists/wordslength9.txt
[2025-05-17 11:22:57] [INFO] [WordListProvider] Loaded words from /wordlists/wordslength10.txt
[2025-05-17 11:22:57] [INFO] [WordListProvider] Loaded words from /wordlists/wordslength11.txt
[2025-05-17 11:22:57] [INFO] [WordListProvider] Loaded words from /wordlists/wordslength12.txt
[2025-05-17 11:22:57] [INFO] [WordListProvider] Loaded words from /wordlists/wordslength13.txt
[2025-05-17 11:22:57] [INFO] [WordListProvider] Loaded words from /wordlists/wordslength14.txt
[2025-05-17 11:22:57] [INFO] [WordListProvider] Total words loaded: 3236
[2025-05-17 11:22:57] [INFO] [ScoreManager] No score file found. Starting with fresh scores.
[2025-05-17 11:22:58] [INFO] [GameService] New game started with target word: POLLUTION
[2025-05-17 11:22:58] [INFO] [GameService] Word options: AUTHORITY, CHEMISTRY, INTERFACE, POLLUTION, REPRESENT, NOTORIOUS, WISECRACK, EMERGENCY
[2025-05-17 11:22:58] [INFO] [Main] Application started successfully
[2025-05-17 11:23:03] [INFO] [Main] Application shutting down
[2025-05-17 11:43:02] [INFO] [Main] Starting Decryption application
[2025-05-17 11:43:02] [INFO] [WordListProvider] Loaded words from /wordlists/wordslength3.txt
[2025-05-17 11:43:02] [INFO] [WordListProvider] Loaded words from /wordlists/wordslength4.txt
[2025-05-17 11:43:02] [INFO] [WordListProvider] Loaded words from /wordlists/wordslength5.txt
[2025-05-17 11:43:02] [INFO] [WordListProvider] Loaded words from /wordlists/wordslength6.txt
[2025-05-17 11:43:02] [INFO] [WordListProvider] Loaded words from /wordlists/wordslength7.txt
[2025-05-17 11:43:02] [INFO] [WordListProvider] Loaded words from /wordlists/wordslength8.txt
[2025-05-17 11:43:02] [INFO] [WordListProvider] Loaded words from /wordlists/wordslength9.txt
[2025-05-17 11:43:02] [INFO] [WordListProvider] Loaded words from /wordlists/wordslength10.txt
[2025-05-17 11:43:02] [INFO] [WordListProvider] Loaded words from /wordlists/wordslength11.txt
[2025-05-17 11:43:02] [INFO] [WordListProvider] Loaded words from /wordlists/wordslength12.txt
[2025-05-17 11:43:02] [INFO] [WordListProvider] Loaded words from /wordlists/wordslength13.txt
[2025-05-17 11:43:02] [INFO] [WordListProvider] Loaded words from /wordlists/wordslength14.txt
[2025-05-17 11:43:02] [INFO] [WordListProvider] Total words loaded: 3236
[2025-05-17 11:43:02] [INFO] [ScoreManager] No score file found. Starting with fresh scores.
[2025-05-17 11:43:03] [INFO] [GameService] New game started with target word: POTENTIAL
[2025-05-17 11:43:03] [INFO] [GameService] Word options: HIGHLIGHT, CLASSROOM, HOUSEWIFE, POTENTIAL, PLAINTIFF, FREIGHTER, FRANCHISE, RECORDING
[2025-05-17 11:43:03] [INFO] [Main] Application started successfully
[2025-05-17 11:43:07] [INFO] [GameController] Statistics requested
[2025-05-17 11:43:08] [INFO] [GameController] New game requested
[2025-05-17 11:43:08] [INFO] [GameService] New game started with target word: STOCK
[2025-05-17 11:43:08] [INFO] [GameService] Word options: UNCLE, CLASH, BRINK, CYCLE, LIVER, STOCK, RATIO, COURT
[2025-05-17 11:43:11] [INFO] [GameController] New game requested
[2025-05-17 11:43:11] [INFO] [GameService] New game started with target word: FACTOR
[2025-05-17 11:43:11] [INFO] [GameService] Word options: DOCTOR, FLIGHT, SQUASH, SMOOTH, CREDIT, GRAVEL, FACTOR, HOTDOG
[2025-05-17 11:43:12] [INFO] [GameController] New game requested
[2025-05-17 11:43:12] [INFO] [GameService] New game started with target word: BUTTERFLY
[2025-05-17 11:43:12] [INFO] [GameService] Word options: FINANCIAL, COLLEAGUE, ECONOMIST, DISMISSAL, CONFUSION, PERMANENT, QUOTATION, BUTTERFLY
[2025-05-17 11:43:13] [INFO] [GameController] New game requested
[2025-05-17 11:43:13] [INFO] [GameService] New game started with target word: ADMINISTRATION
[2025-05-17 11:43:13] [INFO] [GameService] Word options: RESPONSIBILITY, CHARACTERISTIC, ADMINISTRATION, CONSTITUTIONAL, SUPERINTENDENT, DISCRIMINATION, IDENTIFICATION, DISAPPOINTMENT
[2025-05-17 11:43:13] [INFO] [GameController] New game requested
[2025-05-17 11:43:13] [INFO] [GameService] New game started with target word: PARALLEL
[2025-05-17 11:43:13] [INFO] [GameService] Word options: AUTONOMY, HEADLINE, TEENAGER, PRESTIGE, ORGANIZE, INTEREST, PARALLEL, INNOCENT
[2025-05-17 11:43:14] [INFO] [GameController] New game requested
[2025-05-17 11:43:14] [INFO] [GameService] New game started with target word: VARIANT
[2025-05-17 11:43:14] [INFO] [GameService] Word options: TESTIFY, NETWORK, ADVANCE, OBSCURE, WORDING, CURTAIN, GARBAGE, VARIANT
[2025-05-17 11:43:14] [INFO] [GameController] New game requested
[2025-05-17 11:43:14] [INFO] [GameService] New game started with target word: ASSESSMENT
[2025-05-17 11:43:14] [INFO] [GameService] Word options: EXPERIENCE, CONVICTION, PROJECTION, DISTRIBUTE, CONCESSION, PROPORTION, POPULATION, ASSESSMENT
[2025-05-17 11:43:14] [INFO] [GameController] New game requested
[2025-05-17 11:43:14] [INFO] [GameService] New game started with target word: PUBLICITY
[2025-05-17 11:43:14] [INFO] [GameService] Word options: STATEMENT, ESSENTIAL, DIRECTION, PUBLICITY, MACHINERY, INTEGRITY, PREMATURE, HOROSCOPE
[2025-05-17 11:43:15] [INFO] [GameController] New game requested
[2025-05-17 11:43:15] [INFO] [GameService] New game started with target word: SOW
[2025-05-17 11:43:15] [INFO] [GameService] Word options: SOW, BEE, BAY, FAN, BED, CUT, SIP, AIR
[2025-05-17 11:43:15] [INFO] [GameController] New game requested
[2025-05-17 11:43:15] [INFO] [GameService] New game started with target word: GLARE
[2025-05-17 11:43:15] [INFO] [GameService] Word options: FRAME, PATCH, BOWEL, STUFF, FEIGN, GLARE, HANDY, ALARM
[2025-05-17 11:43:15] [INFO] [GameController] New game requested
[2025-05-17 11:43:15] [INFO] [GameService] New game started with target word: ATTRACTIVE
[2025-05-17 11:43:15] [INFO] [GameService] Word options: RESOLUTION, ATTRACTIVE, APPEARANCE, DISAPPOINT, BACKGROUND, LEADERSHIP, FOUNDATION, EXAGGERATE
[2025-05-17 11:43:16] [INFO] [GameController] New game requested
[2025-05-17 11:43:16] [INFO] [GameService] New game started with target word: ASSIGNMENT
[2025-05-17 11:43:16] [INFO] [GameService] Word options: EARTHQUAKE, DIPLOMATIC, ASSIGNMENT, DISCIPLINE, RETIREMENT, CONFIDENCE, HOUSEPLANT, POPULATION
[2025-05-17 11:43:16] [INFO] [GameController] New game requested
[2025-05-17 11:43:16] [INFO] [GameService] New game started with target word: REVEAL
[2025-05-17 11:43:16] [INFO] [GameService] Word options: FACTOR, DIRECT, REMARK, REVEAL, FATHER, DEPORT, PASTEL, ETHNIC
[2025-05-17 11:43:16] [INFO] [GameController] New game requested
[2025-05-17 11:43:16] [INFO] [GameService] New game started with target word: INVESTIGATION
[2025-05-17 11:43:16] [INFO] [GameService] Word options: COMPREHENSIVE, SHORT CIRCUIT, COMMUNICATION, CONTRADICTION, INVESTIGATION, SUPPLEMENTARY, UNDERSTANDING, EMBARRASSMENT
[2025-05-17 11:43:17] [INFO] [GameController] New game requested
[2025-05-17 11:43:17] [INFO] [GameService] New game started with target word: DEFICIENCY
[2025-05-17 11:43:17] [INFO] [GameService] Word options: OBLIGATION, WILDERNESS, RESOLUTION, HYPNOTHIZE, PERCEPTION, GREGARIOUS, REPUTATION, DEFICIENCY
[2025-05-17 11:43:17] [INFO] [GameController] New game requested
[2025-05-17 11:43:17] [INFO] [GameService] New game started with target word: AFFINITY
[2025-05-17 11:43:17] [INFO] [GameService] Word options: DETECTOR, TENDENCY, TERMINAL, AUDIENCE, TWILIGHT, CHILDISH, WORKSHOP, AFFINITY
[2025-05-17 11:43:19] [INFO] [Main] Application shutting down
[2025-05-17 11:49:41] [INFO] [Main] Starting Decryption application
[2025-05-17 11:49:41] [INFO] [WordListProvider] Loaded words from /wordlists/wordslength3.txt
[2025-05-17 11:49:41] [INFO] [WordListProvider] Loaded words from /wordlists/wordslength4.txt
[2025-05-17 11:49:41] [INFO] [WordListProvider] Loaded words from /wordlists/wordslength5.txt
[2025-05-17 11:49:41] [INFO] [WordListProvider] Loaded words from /wordlists/wordslength6.txt
[2025-05-17 11:49:41] [INFO] [WordListProvider] Loaded words from /wordlists/wordslength7.txt
[2025-05-17 11:49:41] [INFO] [WordListProvider] Loaded words from /wordlists/wordslength8.txt
[2025-05-17 11:49:41] [INFO] [WordListProvider] Loaded words from /wordlists/wordslength9.txt
[2025-05-17 11:49:41] [INFO] [WordListProvider] Loaded words from /wordlists/wordslength10.txt
[2025-05-17 11:49:41] [INFO] [WordListProvider] Loaded words from /wordlists/wordslength11.txt
[2025-05-17 11:49:41] [INFO] [WordListProvider] Loaded words from /wordlists/wordslength12.txt
[2025-05-17 11:49:41] [INFO] [WordListProvider] Loaded words from /wordlists/wordslength13.txt
[2025-05-17 11:49:41] [INFO] [WordListProvider] Loaded words from /wordlists/wordslength14.txt
[2025-05-17 11:49:41] [INFO] [WordListProvider] Total words loaded: 3236
[2025-05-17 11:49:41] [INFO] [ScoreManager] No score file found. Starting with fresh scores.
[2025-05-17 11:49:41] [INFO] [GameService] New game started with target word: PUPIL
[2025-05-17 11:49:41] [INFO] [GameService] Word options: THICK, DOUGH, WRECK, DELAY, AMBER, DEBUT, PUPIL, STAGE
[2025-05-17 11:49:41] [INFO] [Main] Application started successfully
[2025-05-17 11:49:48] [INFO] [Main] Application shutting down
[2025-05-17 11:52:48] [INFO] [Main] Starting Decryption application
[2025-05-17 11:52:48] [INFO] [WordListProvider] Loaded words from /wordlists/wordslength3.txt
[2025-05-17 11:52:48] [INFO] [WordListProvider] Loaded words from /wordlists/wordslength4.txt
[2025-05-17 11:52:48] [INFO] [WordListProvider] Loaded words from /wordlists/wordslength5.txt
[2025-05-17 11:52:48] [INFO] [WordListProvider] Loaded words from /wordlists/wordslength6.txt
[2025-05-17 11:52:48] [INFO] [WordListProvider] Loaded words from /wordlists/wordslength7.txt
[2025-05-17 11:52:48] [INFO] [WordListProvider] Loaded words from /wordlists/wordslength8.txt
[2025-05-17 11:52:48] [INFO] [WordListProvider] Loaded words from /wordlists/wordslength9.txt
[2025-05-17 11:52:48] [INFO] [WordListProvider] Loaded words from /wordlists/wordslength10.txt
[2025-05-17 11:52:48] [INFO] [WordListProvider] Loaded words from /wordlists/wordslength11.txt
[2025-05-17 11:52:48] [INFO] [WordListProvider] Loaded words from /wordlists/wordslength12.txt
[2025-05-17 11:52:48] [INFO] [WordListProvider] Loaded words from /wordlists/wordslength13.txt
[2025-05-17 11:52:48] [INFO] [WordListProvider] Loaded words from /wordlists/wordslength14.txt
[2025-05-17 11:52:48] [INFO] [WordListProvider] Total words loaded: 3236
[2025-05-17 11:52:48] [INFO] [ScoreManager] No score file found. Starting with fresh scores.
[2025-05-17 11:52:48] [INFO] [GameService] New game started with target word: GESTURE
[2025-05-17 11:52:48] [INFO] [GameService] Word options: GESTURE, SUGGEST, HISTORY, ELEGANT, SUPPORT, VETERAN, GLASSES, SPLURGE
[2025-05-17 11:52:48] [INFO] [Main] Application started successfully
[2025-05-17 11:52:52] [INFO] [GameController] New game requested
[2025-05-17 11:52:52] [INFO] [GameService] New game started with target word: RECOMMENDATION
[2025-05-17 11:52:52] [INFO] [GameService] Word options: CORRESPONDENCE, CONSTITUTIONAL, ADMINISTRATION, CHARACTERISTIC, COMPUTER VIRUS, INFRASTRUCTURE, RECOMMENDATION, IDENTIFICATION
[2025-05-17 11:52:55] [INFO] [GameController] Statistics requested
[2025-05-17 11:53:08] [INFO] [GameController] New game requested
[2025-05-17 11:53:08] [INFO] [GameService] New game started with target word: CONTRADICTION
[2025-05-17 11:53:08] [INFO] [GameService] Word options: SHORT CIRCUIT, QUALIFICATION, COMMUNICATION, REVOLUTIONARY, PREOCCUPATION, CONTRADICTION, INAPPROPRIATE, COMPREHENSIVE
[2025-05-17 11:53:09] [INFO] [GameController] Statistics requested
[2025-05-17 11:53:16] [INFO] [Main] Application shutting down
[2025-05-17 11:55:45] [INFO] [Main] Starting Decryption application
[2025-05-17 11:55:45] [INFO] [WordListProvider] Loaded words from /wordlists/wordslength3.txt
[2025-05-17 11:55:45] [INFO] [WordListProvider] Loaded words from /wordlists/wordslength4.txt
[2025-05-17 11:55:45] [INFO] [WordListProvider] Loaded words from /wordlists/wordslength5.txt
[2025-05-17 11:55:45] [INFO] [WordListProvider] Loaded words from /wordlists/wordslength6.txt
[2025-05-17 11:55:45] [INFO] [WordListProvider] Loaded words from /wordlists/wordslength7.txt
[2025-05-17 11:55:45] [INFO] [WordListProvider] Loaded words from /wordlists/wordslength8.txt
[2025-05-17 11:55:45] [INFO] [WordListProvider] Loaded words from /wordlists/wordslength9.txt
[2025-05-17 11:55:45] [INFO] [WordListProvider] Loaded words from /wordlists/wordslength10.txt
[2025-05-17 11:55:45] [INFO] [WordListProvider] Loaded words from /wordlists/wordslength11.txt
[2025-05-17 11:55:45] [INFO] [WordListProvider] Loaded words from /wordlists/wordslength12.txt
[2025-05-17 11:55:45] [INFO] [WordListProvider] Loaded words from /wordlists/wordslength13.txt
[2025-05-17 11:55:45] [INFO] [WordListProvider] Loaded words from /wordlists/wordslength14.txt
[2025-05-17 11:55:45] [INFO] [WordListProvider] Total words loaded: 3236
[2025-05-17 11:55:45] [INFO] [ScoreManager] No score file found. Starting with fresh scores.
[2025-05-17 11:55:45] [INFO] [GameService] New game started with target word: WHEAT
[2025-05-17 11:55:45] [INFO] [GameService] Word options: BREED, CHAIN, SPINE, GLARE, BASIS, TREND, WHEAT, BRAID
[2025-05-17 11:55:45] [INFO] [Main] Application started successfully
[2025-05-17 11:56:00] [INFO] [GameController] New game requested
[2025-05-17 11:56:00] [INFO] [GameService] New game started with target word: SENSATION
[2025-05-17 11:56:00] [INFO] [GameService] Word options: EXCEPTION, ESSENTIAL, EMERGENCY, REPRESENT, WATERFALL, PERFORMER, BEGINNING, SENSATION
[2025-05-17 11:56:01] [INFO] [GameController] New game requested
[2025-05-17 11:56:01] [INFO] [GameService] New game started with target word: UNDERSTANDING
[2025-05-17 11:56:01] [INFO] [GameService] Word options: INVESTIGATION, CONCENTRATION, CONSCIOUSNESS, SUPPLEMENTARY, CONFRONTATION, COMPREHENSIVE, PREOCCUPATION, UNDERSTANDING
[2025-05-17 11:56:02] [INFO] [GameController] New game requested
[2025-05-17 11:56:02] [INFO] [GameService] New game started with target word: ROTATION
[2025-05-17 11:56:02] [INFO] [GameService] Word options: ROTATION, OMISSION, FRESHMAN, IDEOLOGY, SCRAMBLE, ENGINEER, TERMINAL, REPORTER
[2025-05-17 11:56:03] [INFO] [GameController] Statistics requested
[2025-05-17 11:56:09] [INFO] [Main] Application shutting down
[2025-05-17 11:57:51] [INFO] [Main] Starting Decryption application
[2025-05-17 11:57:51] [INFO] [WordListProvider] Loaded words from /wordlists/wordslength3.txt
[2025-05-17 11:57:51] [INFO] [WordListProvider] Loaded words from /wordlists/wordslength4.txt
[2025-05-17 11:57:51] [INFO] [WordListProvider] Loaded words from /wordlists/wordslength5.txt
[2025-05-17 11:57:51] [INFO] [WordListProvider] Loaded words from /wordlists/wordslength6.txt
[2025-05-17 11:57:51] [INFO] [WordListProvider] Loaded words from /wordlists/wordslength7.txt
[2025-05-17 11:57:51] [INFO] [WordListProvider] Loaded words from /wordlists/wordslength8.txt
[2025-05-17 11:57:51] [INFO] [WordListProvider] Loaded words from /wordlists/wordslength9.txt
[2025-05-17 11:57:51] [INFO] [WordListProvider] Loaded words from /wordlists/wordslength10.txt
[2025-05-17 11:57:51] [INFO] [WordListProvider] Loaded words from /wordlists/wordslength11.txt
[2025-05-17 11:57:51] [INFO] [WordListProvider] Loaded words from /wordlists/wordslength12.txt
[2025-05-17 11:57:51] [INFO] [WordListProvider] Loaded words from /wordlists/wordslength13.txt
[2025-05-17 11:57:51] [INFO] [WordListProvider] Loaded words from /wordlists/wordslength14.txt
[2025-05-17 11:57:51] [INFO] [WordListProvider] Total words loaded: 3236
[2025-05-17 11:57:51] [INFO] [ScoreManager] No score file found. Starting with fresh scores.
[2025-05-17 11:57:51] [INFO] [GameService] New game started with target word: PARK
[2025-05-17 11:57:51] [INFO] [GameService] Word options: PARK, PICK, MYTH, MASS, TANK, DEER, TIDY, GEAR
[2025-05-17 11:57:51] [INFO] [Main] Application started successfully
[2025-05-17 11:57:55] [INFO] [GameController] Player selected word: Word
[2025-05-17 11:57:55] [INFO] [GameService] Invalid guess: Word
[2025-05-17 11:57:58] [INFO] [GameController] Player selected word: Word
[2025-05-17 11:57:58] [INFO] [GameService] Invalid guess: Word
[2025-05-17 11:57:59] [INFO] [GameController] Player selected word: Word
[2025-05-17 11:57:59] [INFO] [GameService] Invalid guess: Word
[2025-05-17 11:57:59] [INFO] [GameController] Player selected word: Word
[2025-05-17 11:57:59] [INFO] [GameService] Invalid guess: Word
[2025-05-17 11:57:59] [INFO] [GameController] Player selected word: Word
[2025-05-17 11:57:59] [INFO] [GameService] Invalid guess: Word
[2025-05-17 11:58:00] [INFO] [GameController] Player selected word: Word
[2025-05-17 11:58:00] [INFO] [GameService] Invalid guess: Word
[2025-05-17 11:58:00] [INFO] [GameController] Player selected word: Word
[2025-05-17 11:58:00] [INFO] [GameService] Invalid guess: Word
[2025-05-17 11:58:00] [INFO] [GameController] Player selected word: Word
[2025-05-17 11:58:00] [INFO] [GameService] Invalid guess: Word
[2025-05-17 11:58:02] [INFO] [GameController] Statistics requested
[2025-05-17 11:58:04] [INFO] [GameController] New game requested
[2025-05-17 11:58:04] [INFO] [GameService] New game started with target word: PALACE
[2025-05-17 11:58:04] [INFO] [GameService] Word options: SOURCE, PARDON, MAKEUP, WEIGHT, MARGIN, TEMPLE, PALACE, DANGER
[2025-05-17 11:58:05] [INFO] [GameController] Player selected word: Word
[2025-05-17 11:58:05] [INFO] [GameService] Invalid guess: Word
[2025-05-17 11:58:06] [INFO] [GameController] Statistics requested
[2025-05-17 11:58:09] [INFO] [GameController] Player selected word: Word
[2025-05-17 11:58:09] [INFO] [GameService] Invalid guess: Word
[2025-05-17 11:58:22] [INFO] [Main] Application shutting down
[2025-05-17 11:58:30] [INFO] [Main] Starting Decryption application
[2025-05-17 11:58:30] [INFO] [WordListProvider] Loaded words from /wordlists/wordslength3.txt
[2025-05-17 11:58:30] [INFO] [WordListProvider] Loaded words from /wordlists/wordslength4.txt
[2025-05-17 11:58:30] [INFO] [WordListProvider] Loaded words from /wordlists/wordslength5.txt
[2025-05-17 11:58:30] [INFO] [WordListProvider] Loaded words from /wordlists/wordslength6.txt
[2025-05-17 11:58:30] [INFO] [WordListProvider] Loaded words from /wordlists/wordslength7.txt
[2025-05-17 11:58:30] [INFO] [WordListProvider] Loaded words from /wordlists/wordslength8.txt
[2025-05-17 11:58:30] [INFO] [WordListProvider] Loaded words from /wordlists/wordslength9.txt
[2025-05-17 11:58:30] [INFO] [WordListProvider] Loaded words from /wordlists/wordslength10.txt
[2025-05-17 11:58:30] [INFO] [WordListProvider] Loaded words from /wordlists/wordslength11.txt
[2025-05-17 11:58:30] [INFO] [WordListProvider] Loaded words from /wordlists/wordslength12.txt
[2025-05-17 11:58:30] [INFO] [WordListProvider] Loaded words from /wordlists/wordslength13.txt
[2025-05-17 11:58:30] [INFO] [WordListProvider] Loaded words from /wordlists/wordslength14.txt
[2025-05-17 11:58:30] [INFO] [WordListProvider] Total words loaded: 3236
[2025-05-17 11:58:30] [INFO] [ScoreManager] No score file found. Starting with fresh scores.
[2025-05-17 11:58:30] [INFO] [GameService] New game started with target word: SLIPPERY
[2025-05-17 11:58:30] [INFO] [GameService] Word options: DISTRICT, SUITCASE, STANDARD, HARDSHIP, INCIDENT, THEORIST, SLIPPERY, SURROUND
[2025-05-17 11:58:30] [INFO] [Main] Application started successfully
[2025-05-17 11:58:33] [INFO] [GameController] Player selected word: Word
[2025-05-17 11:58:33] [INFO] [GameService] Invalid guess: Word
[2025-05-17 11:58:42] [INFO] [Main] Application shutting down
[2025-05-17 12:00:14] [INFO] [Main] Starting Decryption application
[2025-05-17 12:00:14] [INFO] [WordListProvider] Loaded words from /wordlists/wordslength3.txt
[2025-05-17 12:00:14] [INFO] [WordListProvider] Loaded words from /wordlists/wordslength4.txt
[2025-05-17 12:00:14] [INFO] [WordListProvider] Loaded words from /wordlists/wordslength5.txt
[2025-05-17 12:00:14] [INFO] [WordListProvider] Loaded words from /wordlists/wordslength6.txt
[2025-05-17 12:00:14] [INFO] [WordListProvider] Loaded words from /wordlists/wordslength7.txt
[2025-05-17 12:00:14] [INFO] [WordListProvider] Loaded words from /wordlists/wordslength8.txt
[2025-05-17 12:00:14] [INFO] [WordListProvider] Loaded words from /wordlists/wordslength9.txt
[2025-05-17 12:00:14] [INFO] [WordListProvider] Loaded words from /wordlists/wordslength10.txt
[2025-05-17 12:00:14] [INFO] [WordListProvider] Loaded words from /wordlists/wordslength11.txt
[2025-05-17 12:00:14] [INFO] [WordListProvider] Loaded words from /wordlists/wordslength12.txt
[2025-05-17 12:00:14] [INFO] [WordListProvider] Loaded words from /wordlists/wordslength13.txt
[2025-05-17 12:00:14] [INFO] [WordListProvider] Loaded words from /wordlists/wordslength14.txt
[2025-05-17 12:00:14] [INFO] [WordListProvider] Total words loaded: 3236
[2025-05-17 12:00:14] [INFO] [ScoreManager] No score file found. Starting with fresh scores.
[2025-05-17 12:00:15] [INFO] [GameService] New game started with target word: PERSONALITY
[2025-05-17 12:00:15] [INFO] [GameService] Word options: DEPRIVATION, PARTICIPATE, INSTRUCTION, PREPARATION, COINCIDENCE, PERSONALITY, CREDIT CARD, MANUFACTURE
[2025-05-17 12:00:15] [INFO] [Main] Application started successfully
[2025-05-17 12:00:17] [INFO] [GameController] New game requested
[2025-05-17 12:00:17] [INFO] [GameService] New game started with target word: ABSORB
[2025-05-17 12:00:17] [INFO] [GameService] Word options: ABSORB, ENDURE, AGENDA, HAPPEN, KIDNAP, CENTER, MODEST, BUTTON
[2025-05-17 12:00:18] [INFO] [GameController] Statistics requested
[2025-05-17 12:00:20] [INFO] [Main] Application shutting down
[2025-05-17 12:02:48] [INFO] [Main] Starting Decryption application
[2025-05-17 12:02:48] [INFO] [WordListProvider] Loaded words from /wordlists/wordslength3.txt
[2025-05-17 12:02:48] [INFO] [WordListProvider] Loaded words from /wordlists/wordslength4.txt
[2025-05-17 12:02:48] [INFO] [WordListProvider] Loaded words from /wordlists/wordslength5.txt
[2025-05-17 12:02:48] [INFO] [WordListProvider] Loaded words from /wordlists/wordslength6.txt
[2025-05-17 12:02:48] [INFO] [WordListProvider] Loaded words from /wordlists/wordslength7.txt
[2025-05-17 12:02:48] [INFO] [WordListProvider] Loaded words from /wordlists/wordslength8.txt
[2025-05-17 12:02:48] [INFO] [WordListProvider] Loaded words from /wordlists/wordslength9.txt
[2025-05-17 12:02:48] [INFO] [WordListProvider] Loaded words from /wordlists/wordslength10.txt
[2025-05-17 12:02:48] [INFO] [WordListProvider] Loaded words from /wordlists/wordslength11.txt
[2025-05-17 12:02:48] [INFO] [WordListProvider] Loaded words from /wordlists/wordslength12.txt
[2025-05-17 12:02:48] [INFO] [WordListProvider] Loaded words from /wordlists/wordslength13.txt
[2025-05-17 12:02:48] [INFO] [WordListProvider] Loaded words from /wordlists/wordslength14.txt
[2025-05-17 12:02:48] [INFO] [WordListProvider] Total words loaded: 3236
[2025-05-17 12:02:48] [INFO] [ScoreManager] No score file found. Starting with fresh scores.
[2025-05-17 12:02:48] [INFO] [GameService] New game started with target word: COOK
[2025-05-17 12:02:48] [INFO] [GameService] Word options: WAGE, SILK, COOK, HELP, GAIN, MOLE, PAIN, SKIP
[2025-05-17 12:02:48] [INFO] [Main] Application started successfully
[2025-05-17 12:02:52] [INFO] [GameController] New game requested
[2025-05-17 12:02:52] [INFO] [GameService] New game started with target word: SEQUENCE
[2025-05-17 12:02:52] [INFO] [GameService] Word options: PRODUCER, MINIMIZE, SEQUENCE, UNLAWFUL, BASEBALL, NOMINATE, VIGOROUS, DOCUMENT
[2025-05-17 12:02:53] [INFO] [GameController] New game requested
[2025-05-17 12:02:53] [INFO] [GameService] New game started with target word: DEPRIVATION
[2025-05-17 12:02:53] [INFO] [GameService] Word options: COMPARTMENT, CONTINENTAL, CONSUMPTION, SENSITIVITY, DEPRIVATION, IMPROVEMENT, DEMONSTRATE, INFORMATION
[2025-05-17 12:02:54] [INFO] [GameController] New game requested
[2025-05-17 12:02:54] [INFO] [GameService] New game started with target word: SIGN
[2025-05-17 12:02:54] [INFO] [GameService] Word options: SOUR, HAND, DECK, SIGN, DULL, HERD, TAIL, DEAL
[2025-05-17 12:02:54] [INFO] [GameController] New game requested
[2025-05-17 12:02:54] [INFO] [GameService] New game started with target word: SATELLITE
[2025-05-17 12:02:54] [INFO] [GameService] Word options: CONFUSION, MISERABLE, REPRODUCE, QUOTATION, BUTTERFLY, SATELLITE, FINANCIAL, RECORDING
[2025-05-17 12:02:54] [INFO] [GameController] New game requested
[2025-05-17 12:02:54] [INFO] [GameService] New game started with target word: SHARP
[2025-05-17 12:02:54] [INFO] [GameService] Word options: GLOOM, READY, PIANO, GROAN, GRAND, HANDY, TENSE, SHARP
[2025-05-17 12:02:54] [INFO] [GameController] New game requested
[2025-05-17 12:02:54] [INFO] [GameService] New game started with target word: ENTERTAINMENT
[2025-05-17 12:02:54] [INFO] [GameService] Word options: INAPPROPRIATE, UNDERSTANDING, ENTERTAINMENT, CONSIDERATION, REVOLUTIONARY, CONFRONTATION, STRIKEBREAKER, INVESTIGATION
[2025-05-17 12:02:55] [INFO] [GameController] New game requested
[2025-05-17 12:02:55] [INFO] [GameService] New game started with target word: STATEMENT
[2025-05-17 12:02:55] [INFO] [GameService] Word options: CONSCIOUS, SENTIMENT, INTERFACE, PROFESSOR, ECONOMICS, MISERABLE, MIGRATION, STATEMENT
[2025-05-17 12:02:55] [INFO] [GameController] New game requested
[2025-05-17 12:02:55] [INFO] [GameService] New game started with target word: REPRODUCE
[2025-05-17 12:02:55] [INFO] [GameService] Word options: PROFESSOR, BLOODSHED, VEGETABLE, EMERGENCY, EXEMPTION, COURTSHIP, REPRODUCE, ADVERTISE
[2025-05-17 12:03:02] [INFO] [Main] Application shutting down
[2025-05-17 12:04:31] [INFO] [Main] Starting Decryption application
[2025-05-17 12:04:31] [INFO] [WordListProvider] Loaded words from /wordlists/wordslength3.txt
[2025-05-17 12:04:31] [INFO] [WordListProvider] Loaded words from /wordlists/wordslength4.txt
[2025-05-17 12:04:31] [INFO] [WordListProvider] Loaded words from /wordlists/wordslength5.txt
[2025-05-17 12:04:31] [INFO] [WordListProvider] Loaded words from /wordlists/wordslength6.txt
[2025-05-17 12:04:31] [INFO] [WordListProvider] Loaded words from /wordlists/wordslength7.txt
[2025-05-17 12:04:31] [INFO] [WordListProvider] Loaded words from /wordlists/wordslength8.txt
[2025-05-17 12:04:31] [INFO] [WordListProvider] Loaded words from /wordlists/wordslength9.txt
[2025-05-17 12:04:31] [INFO] [WordListProvider] Loaded words from /wordlists/wordslength10.txt
[2025-05-17 12:04:31] [INFO] [WordListProvider] Loaded words from /wordlists/wordslength11.txt
[2025-05-17 12:04:31] [INFO] [WordListProvider] Loaded words from /wordlists/wordslength12.txt
[2025-05-17 12:04:31] [INFO] [WordListProvider] Loaded words from /wordlists/wordslength13.txt
[2025-05-17 12:04:31] [INFO] [WordListProvider] Loaded words from /wordlists/wordslength14.txt
[2025-05-17 12:04:31] [INFO] [WordListProvider] Total words loaded: 3236
[2025-05-17 12:04:31] [INFO] [ScoreManager] No score file found. Starting with fresh scores.
[2025-05-17 12:04:32] [INFO] [GameService] New game started with target word: SUGGEST
[2025-05-17 12:04:32] [INFO] [GameService] Word options: STRANGE, EXAMPLE, HUSBAND, ROYALTY, NEUTRAL, MIRACLE, SUGGEST, COMPANY
[2025-05-17 12:04:32] [INFO] [Main] Application started successfully
[2025-05-17 12:04:36] [INFO] [Main] Application shutting down
[2025-05-17 12:09:54] [INFO] [Main] Starting Decryption application
[2025-05-17 12:09:54] [INFO] [WordListProvider] Loaded words from /wordlists/wordslength3.txt
[2025-05-17 12:09:54] [INFO] [WordListProvider] Loaded words from /wordlists/wordslength4.txt
[2025-05-17 12:09:54] [INFO] [WordListProvider] Loaded words from /wordlists/wordslength5.txt
[2025-05-17 12:09:54] [INFO] [WordListProvider] Loaded words from /wordlists/wordslength6.txt
[2025-05-17 12:09:54] [INFO] [WordListProvider] Loaded words from /wordlists/wordslength7.txt
[2025-05-17 12:09:54] [INFO] [WordListProvider] Loaded words from /wordlists/wordslength8.txt
[2025-05-17 12:09:54] [INFO] [WordListProvider] Loaded words from /wordlists/wordslength9.txt
[2025-05-17 12:09:54] [INFO] [WordListProvider] Loaded words from /wordlists/wordslength10.txt
[2025-05-17 12:09:54] [INFO] [WordListProvider] Loaded words from /wordlists/wordslength11.txt
[2025-05-17 12:09:54] [INFO] [WordListProvider] Loaded words from /wordlists/wordslength12.txt
[2025-05-17 12:09:54] [INFO] [WordListProvider] Loaded words from /wordlists/wordslength13.txt
[2025-05-17 12:09:54] [INFO] [WordListProvider] Loaded words from /wordlists/wordslength14.txt
[2025-05-17 12:09:54] [INFO] [WordListProvider] Total words loaded: 3236
[2025-05-17 12:09:54] [INFO] [ScoreManager] No score file found. Starting with fresh scores.
[2025-05-17 12:09:55] [INFO] [GameService] New game started with target word: MIDNIGHT
[2025-05-17 12:09:55] [INFO] [GameService] Word options: INVASION, VERTICAL, FRACTION, MIDNIGHT, DECISIVE, DIRECTOR, DETECTOR, MEDICINE
[2025-05-17 12:09:55] [INFO] [Main] Application started successfully
[2025-05-17 12:10:01] [INFO] [GameController] Player selected word: INVASION
[2025-05-17 12:10:04] [INFO] [GameController] Player selected word: VERTICAL
[2025-05-17 12:10:10] [INFO] [GameController] Player selected word: MEDICINE
[2025-05-17 12:10:43] [INFO] [GameController] Player selected word: DETECTOR
[2025-05-17 12:10:47] [INFO] [GameController] Player selected word: DECISIVE
[2025-05-17 12:10:47] [INFO] [ScoreManager] Game lost after 5 attempts
[2025-05-17 12:10:47] [INFO] [ScoreManager] Scores saved successfully
[2025-05-17 12:10:47] [INFO] [GameService] Player lost after 5 attempts
[2025-05-17 12:11:04] [INFO] [GameController] Statistics requested
[2025-05-17 12:11:33] [INFO] [GameController] New game requested
[2025-05-17 12:11:33] [INFO] [GameService] New game started with target word: INVESTIGATION
[2025-05-17 12:11:33] [INFO] [GameService] Word options: STRIKEBREAKER, COMMUNICATION, ENTERTAINMENT, SHORT CIRCUIT, CONSTELLATION, EMBARRASSMENT, CONTRADICTION, INVESTIGATION
[2025-05-17 12:11:41] [INFO] [GameController] Player selected word: INVESTIGATION
[2025-05-17 12:11:41] [INFO] [ScoreManager] Game won on attempt 1 with score 200
[2025-05-17 12:11:41] [INFO] [ScoreManager] Scores saved successfully
[2025-05-17 12:11:41] [INFO] [GameService] Player won on attempt 1 with score 200
[2025-05-17 12:11:48] [INFO] [GameController] New game requested
[2025-05-17 12:11:48] [INFO] [GameService] New game started with target word: CONSTELLATION
[2025-05-17 12:11:48] [INFO] [GameService] Word options: EMBARRASSMENT, COMPREHENSIVE, SHORT CIRCUIT, CONSTELLATION, DEMONSTRATION, QUALIFICATION, CONSCIOUSNESS, ENVIRONMENTAL
[2025-05-17 12:11:52] [INFO] [GameController] Player selected word: EMBARRASSMENT
[2025-05-17 12:11:53] [INFO] [GameController] Player selected word: COMPREHENSIVE
[2025-05-17 12:11:53] [INFO] [GameController] Player selected word: SHORT CIRCUIT
[2025-05-17 12:11:54] [INFO] [GameController] Player selected word: CONSTELLATION
[2025-05-17 12:11:54] [INFO] [ScoreManager] Game won on attempt 4 with score 50
[2025-05-17 12:11:54] [INFO] [ScoreManager] Scores saved successfully
[2025-05-17 12:11:54] [INFO] [GameService] Player won on attempt 4 with score 50
[2025-05-17 12:12:08] [INFO] [Main] Application shutting down
[2025-05-17 13:26:11] [INFO] [Main] Starting Decryption application
[2025-05-17 13:26:11] [INFO] [WordListProvider] Loaded words from /wordlists/wordslength3.txt
[2025-05-17 13:26:11] [INFO] [WordListProvider] Loaded words from /wordlists/wordslength4.txt
[2025-05-17 13:26:11] [INFO] [WordListProvider] Loaded words from /wordlists/wordslength5.txt
[2025-05-17 13:26:11] [INFO] [WordListProvider] Loaded words from /wordlists/wordslength6.txt
[2025-05-17 13:26:11] [INFO] [WordListProvider] Loaded words from /wordlists/wordslength7.txt
[2025-05-17 13:26:11] [INFO] [WordListProvider] Loaded words from /wordlists/wordslength8.txt
[2025-05-17 13:26:11] [INFO] [WordListProvider] Loaded words from /wordlists/wordslength9.txt
[2025-05-17 13:26:11] [INFO] [WordListProvider] Loaded words from /wordlists/wordslength10.txt
[2025-05-17 13:26:11] [INFO] [WordListProvider] Loaded words from /wordlists/wordslength11.txt
[2025-05-17 13:26:11] [INFO] [WordListProvider] Loaded words from /wordlists/wordslength12.txt
[2025-05-17 13:26:11] [INFO] [WordListProvider] Loaded words from /wordlists/wordslength13.txt
[2025-05-17 13:26:11] [INFO] [WordListProvider] Loaded words from /wordlists/wordslength14.txt
[2025-05-17 13:26:11] [INFO] [WordListProvider] Total words loaded: 3236
[2025-05-17 13:26:11] [INFO] [ScoreManager] Scores loaded successfully
[2025-05-17 13:26:11] [INFO] [GameService] New game started with target word: BACKGROUND
[2025-05-17 13:26:11] [INFO] [GameService] Word options: LABORATORY, DIPLOMATIC, EXPERIMENT, FOLK MUSIC, PREVALENCE, BACKGROUND, INVESTMENT, FIRST-HAND
[2025-05-17 13:26:11] [INFO] [Main] Application started successfully
[2025-05-17 13:26:13] [INFO] [GameController] Player selected word: BACKGROUND
[2025-05-17 13:26:13] [INFO] [ScoreManager] Game won on attempt 1 with score 200
[2025-05-17 13:26:13] [INFO] [ScoreManager] Scores saved successfully
[2025-05-17 13:26:13] [INFO] [GameService] Player won on attempt 1 with score 200
[2025-05-17 13:26:14] [INFO] [GameController] Player selected word: DIPLOMATIC
[2025-05-17 13:26:14] [INFO] [GameService] Game is already over
[2025-05-17 13:26:16] [INFO] [Main] Application shutting down
[2025-05-17 13:28:57] [INFO] [Main] Starting Decryption application
[2025-05-17 13:28:57] [INFO] [WordListProvider] Loaded words from /wordlists/wordslength3.txt
[2025-05-17 13:28:57] [INFO] [WordListProvider] Loaded words from /wordlists/wordslength4.txt
[2025-05-17 13:28:57] [INFO] [WordListProvider] Loaded words from /wordlists/wordslength5.txt
[2025-05-17 13:28:57] [INFO] [WordListProvider] Loaded words from /wordlists/wordslength6.txt
[2025-05-17 13:28:57] [INFO] [WordListProvider] Loaded words from /wordlists/wordslength7.txt
[2025-05-17 13:28:57] [INFO] [WordListProvider] Loaded words from /wordlists/wordslength8.txt
[2025-05-17 13:28:57] [INFO] [WordListProvider] Loaded words from /wordlists/wordslength9.txt
[2025-05-17 13:28:57] [INFO] [WordListProvider] Loaded words from /wordlists/wordslength10.txt
[2025-05-17 13:28:57] [INFO] [WordListProvider] Loaded words from /wordlists/wordslength11.txt
[2025-05-17 13:28:57] [INFO] [WordListProvider] Loaded words from /wordlists/wordslength12.txt
[2025-05-17 13:28:57] [INFO] [WordListProvider] Loaded words from /wordlists/wordslength13.txt
[2025-05-17 13:28:57] [INFO] [WordListProvider] Loaded words from /wordlists/wordslength14.txt
[2025-05-17 13:28:57] [INFO] [WordListProvider] Total words loaded: 3236
[2025-05-17 13:28:57] [INFO] [ScoreManager] Scores loaded successfully
[2025-05-17 13:28:57] [INFO] [GameService] New game started with target word: FASHION
[2025-05-17 13:28:57] [INFO] [GameService] Word options: PENSION, WARRANT, LIBERAL, IMPULSE, TERRACE, FASHION, SAUSAGE, BEDROOM
[2025-05-17 13:28:57] [INFO] [Main] Application started successfully
[2025-05-17 13:29:00] [INFO] [GameController] Player selected word: SAUSAGE
[2025-05-17 13:29:02] [INFO] [GameController] Player selected word: LIBERAL
[2025-05-17 13:29:03] [INFO] [GameController] Player selected word: FASHION
[2025-05-17 13:29:03] [INFO] [ScoreManager] Game won on attempt 3 with score 100
[2025-05-17 13:29:03] [INFO] [ScoreManager] Scores saved successfully
[2025-05-17 13:29:03] [INFO] [GameService] Player won on attempt 3 with score 100
[2025-05-17 13:29:06] [INFO] [GameController] Player selected word: WARRANT
[2025-05-17 13:29:06] [INFO] [GameService] Game is already over
[2025-05-17 13:29:07] [INFO] [GameController] Player selected word: PENSION
[2025-05-17 13:29:07] [INFO] [GameService] Game is already over
[2025-05-17 13:29:08] [INFO] [GameController] Player selected word: TERRACE
[2025-05-17 13:29:08] [INFO] [GameService] Game is already over
[2025-05-17 13:29:09] [INFO] [GameController] Player selected word: BEDROOM
[2025-05-17 13:29:09] [INFO] [GameService] Game is already over
[2025-05-17 13:29:09] [INFO] [GameController] Player selected word: IMPULSE
[2025-05-17 13:29:09] [INFO] [GameService] Game is already over
[2025-05-17 13:29:13] [INFO] [GameController] New game requested
[2025-05-17 13:29:13] [INFO] [GameService] New game started with target word: IDENTIFICATION
[2025-05-17 13:29:13] [INFO] [GameService] Word options: CONSTITUTIONAL, IDENTIFICATION, CHARACTERISTIC, DISAPPOINTMENT, REPRESENTATIVE, INFRASTRUCTURE, REHABILITATION, RECOMMENDATION
[2025-05-17 13:29:15] [INFO] [GameController] Player selected word: CONSTITUTIONAL
[2025-05-17 13:29:17] [INFO] [GameController] Player selected word: IDENTIFICATION
[2025-05-17 13:29:17] [INFO] [ScoreManager] Game won on attempt 2 with score 150
[2025-05-17 13:29:17] [INFO] [ScoreManager] Scores saved successfully
[2025-05-17 13:29:17] [INFO] [GameService] Player won on attempt 2 with score 150
[2025-05-17 13:29:17] [INFO] [GameController] Player selected word: CHARACTERISTIC
[2025-05-17 13:29:17] [INFO] [GameService] Game is already over
[2025-05-17 13:29:19] [INFO] [GameController] Player selected word: DISAPPOINTMENT
[2025-05-17 13:29:19] [INFO] [GameService] Game is already over
[2025-05-17 13:29:21] [INFO] [GameController] Player selected word: RECOMMENDATION
[2025-05-17 13:29:21] [INFO] [GameService] Game is already over
[2025-05-17 13:29:21] [INFO] [GameController] Player selected word: REHABILITATION
[2025-05-17 13:29:21] [INFO] [GameService] Game is already over
[2025-05-17 13:29:22] [INFO] [GameController] Player selected word: INFRASTRUCTURE
[2025-05-17 13:29:22] [INFO] [GameService] Game is already over
[2025-05-17 13:29:22] [INFO] [GameController] Player selected word: REPRESENTATIVE
[2025-05-17 13:29:22] [INFO] [GameService] Game is already over
[2025-05-17 13:29:23] [INFO] [GameController] New game requested
[2025-05-17 13:29:23] [INFO] [GameService] New game started with target word: PREFERENCE
[2025-05-17 13:29:23] [INFO] [GameService] Word options: INSTRUMENT, BACKGROUND, WITHDRAWAL, PROVINCIAL, STEREOTYPE, REFLECTION, PREFERENCE, PREDICTION
[2025-05-17 13:29:24] [INFO] [GameController] Player selected word: INSTRUMENT
[2025-05-17 13:29:25] [INFO] [GameController] Player selected word: BACKGROUND
[2025-05-17 13:29:25] [INFO] [GameController] Player selected word: WITHDRAWAL
[2025-05-17 13:29:26] [INFO] [GameController] Player selected word: PROVINCIAL
[2025-05-17 13:29:27] [INFO] [GameController] Player selected word: PREDICTION
[2025-05-17 13:29:27] [INFO] [ScoreManager] Game lost after 5 attempts
[2025-05-17 13:29:27] [INFO] [ScoreManager] Scores saved successfully
[2025-05-17 13:29:27] [INFO] [GameService] Player lost after 5 attempts
[2025-05-17 13:29:29] [INFO] [GameController] New game requested
[2025-05-17 13:29:29] [INFO] [GameService] New game started with target word: STRIKEBREAKER
[2025-05-17 13:29:29] [INFO] [GameService] Word options: STRIKEBREAKER, CONSCIOUSNESS, CONFRONTATION, CONSIDERATION, REVOLUTIONARY, EMBARRASSMENT, ENTERTAINMENT, ENVIRONMENTAL
[2025-05-17 13:29:30] [INFO] [GameController] Player selected word: STRIKEBREAKER
[2025-05-17 13:29:30] [INFO] [ScoreManager] Game won on attempt 1 with score 200
[2025-05-17 13:29:30] [INFO] [ScoreManager] Scores saved successfully
[2025-05-17 13:29:30] [INFO] [GameService] Player won on attempt 1 with score 200
[2025-05-17 13:29:30] [INFO] [GameController] Player selected word: CONSCIOUSNESS
[2025-05-17 13:29:30] [INFO] [GameService] Game is already over
[2025-05-17 13:29:31] [INFO] [GameController] Player selected word: CONFRONTATION
[2025-05-17 13:29:31] [INFO] [GameService] Game is already over
[2025-05-17 13:29:31] [INFO] [GameController] Player selected word: CONSIDERATION
[2025-05-17 13:29:31] [INFO] [GameService] Game is already over
[2025-05-17 13:29:32] [INFO] [GameController] Player selected word: ENVIRONMENTAL
[2025-05-17 13:29:32] [INFO] [GameService] Game is already over
[2025-05-17 13:29:32] [INFO] [GameController] Player selected word: ENTERTAINMENT
[2025-05-17 13:29:32] [INFO] [GameService] Game is already over
[2025-05-17 13:29:32] [INFO] [GameController] Player selected word: EMBARRASSMENT
[2025-05-17 13:29:32] [INFO] [GameService] Game is already over
[2025-05-17 13:29:33] [INFO] [GameController] Player selected word: REVOLUTIONARY
[2025-05-17 13:29:33] [INFO] [GameService] Game is already over
[2025-05-17 13:29:35] [INFO] [GameController] New game requested
[2025-05-17 13:29:35] [INFO] [GameService] New game started with target word: PERMISSION
[2025-05-17 13:29:35] [INFO] [GameService] Word options: BREAK DOWN, INNOVATION, PHOTOGRAPH, REDUNDANCY, GOVERNMENT, GENERATION, GIRLFRIEND, PERMISSION
[2025-05-17 13:29:36] [INFO] [GameController] Player selected word: BREAK DOWN
[2025-05-17 13:29:37] [INFO] [GameController] Player selected word: INNOVATION
[2025-05-17 13:29:38] [INFO] [GameController] Player selected word: PHOTOGRAPH
[2025-05-17 13:29:39] [INFO] [GameController] Player selected word: REDUNDANCY
[2025-05-17 13:29:40] [INFO] [GameController] Player selected word: PERMISSION
[2025-05-17 13:29:40] [INFO] [ScoreManager] Game won on attempt 5 with score 0
[2025-05-17 13:29:40] [INFO] [ScoreManager] Scores saved successfully
[2025-05-17 13:29:40] [INFO] [GameService] Player won on attempt 5 with score 0
[2025-05-17 13:29:46] [INFO] [GameController] New game requested
[2025-05-17 13:29:46] [INFO] [GameService] New game started with target word: FIRM
[2025-05-17 13:29:46] [INFO] [GameService] Word options: FIRM, GOLD, VAIN, BEAT, JUMP, ARMY, PASS, MARS
[2025-05-17 13:29:47] [INFO] [GameController] Player selected word: JUMP
[2025-05-17 13:29:48] [INFO] [GameController] Player selected word: ARMY
[2025-05-17 13:29:53] [INFO] [GameController] Player selected word: PASS
[2025-05-17 13:29:53] [INFO] [GameController] Player selected word: GOLD
[2025-05-17 13:29:54] [INFO] [GameController] Player selected word: FIRM
[2025-05-17 13:29:54] [INFO] [ScoreManager] Game won on attempt 5 with score 0
[2025-05-17 13:29:54] [INFO] [ScoreManager] Scores saved successfully
[2025-05-17 13:29:54] [INFO] [GameService] Player won on attempt 5 with score 0
[2025-05-17 13:30:58] [INFO] [Main] Starting Decryption application
[2025-05-17 13:30:58] [INFO] [WordListProvider] Loaded words from /wordlists/wordslength3.txt
[2025-05-17 13:30:58] [INFO] [WordListProvider] Loaded words from /wordlists/wordslength4.txt
[2025-05-17 13:30:58] [INFO] [WordListProvider] Loaded words from /wordlists/wordslength5.txt
[2025-05-17 13:30:58] [INFO] [WordListProvider] Loaded words from /wordlists/wordslength6.txt
[2025-05-17 13:30:58] [INFO] [WordListProvider] Loaded words from /wordlists/wordslength7.txt
[2025-05-17 13:30:58] [INFO] [WordListProvider] Loaded words from /wordlists/wordslength8.txt
[2025-05-17 13:30:58] [INFO] [WordListProvider] Loaded words from /wordlists/wordslength9.txt
[2025-05-17 13:30:58] [INFO] [WordListProvider] Loaded words from /wordlists/wordslength10.txt
[2025-05-17 13:30:58] [INFO] [WordListProvider] Loaded words from /wordlists/wordslength11.txt
[2025-05-17 13:30:58] [INFO] [WordListProvider] Loaded words from /wordlists/wordslength12.txt
[2025-05-17 13:30:58] [INFO] [WordListProvider] Loaded words from /wordlists/wordslength13.txt
[2025-05-17 13:30:58] [INFO] [WordListProvider] Loaded words from /wordlists/wordslength14.txt
[2025-05-17 13:30:58] [INFO] [WordListProvider] Total words loaded: 3236
[2025-05-17 13:30:58] [INFO] [ScoreManager] Scores loaded successfully
[2025-05-17 13:30:58] [INFO] [GameService] New game started with target word: DEATH
[2025-05-17 13:30:58] [INFO] [GameService] Word options: PANEL, SNACK, FLOAT, OWNER, WORRY, FRAME, WRIST, DEATH
[2025-05-17 13:30:58] [INFO] [Main] Application started successfully
[2025-05-17 13:31:02] [INFO] [GameController] Player selected word: SNACK
[2025-05-17 13:31:03] [INFO] [GameController] Player selected word: FRAME
[2025-05-17 13:31:04] [INFO] [GameController] Player selected word: WRIST
[2025-05-17 13:31:05] [INFO] [GameController] Player selected word: FLOAT
[2025-05-17 13:31:08] [INFO] [GameController] Player selected word: PANEL
[2025-05-17 13:31:08] [INFO] [ScoreManager] Game lost after 5 attempts
[2025-05-17 13:31:08] [INFO] [ScoreManager] Scores saved successfully
[2025-05-17 13:31:08] [INFO] [GameService] Player lost after 5 attempts
[2025-05-17 13:31:35] [INFO] [GameController] New game requested
[2025-05-17 13:31:35] [INFO] [GameService] New game started with target word: QUALIFICATION
[2025-05-17 13:31:35] [INFO] [GameService] Word options: ENVIRONMENTAL, QUALIFICATION, PREOCCUPATION, STRIKEBREAKER, ENTERTAINMENT, CONSIDERATION, CONFRONTATION, REVOLUTIONARY
[2025-05-17 13:31:36] [INFO] [GameController] Player selected word: CONFRONTATION
[2025-05-17 13:31:36] [INFO] [GameController] Player selected word: QUALIFICATION
[2025-05-17 13:31:36] [INFO] [ScoreManager] Game won on attempt 2 with score 150
[2025-05-17 13:31:36] [INFO] [ScoreManager] Scores saved successfully
[2025-05-17 13:31:36] [INFO] [GameService] Player won on attempt 2 with score 150
[2025-05-17 13:31:37] [INFO] [GameController] Player selected word: CONSIDERATION
[2025-05-17 13:31:37] [INFO] [GameService] Game is already over
[2025-05-17 13:31:38] [INFO] [GameController] Player selected word: ENTERTAINMENT
[2025-05-17 13:31:38] [INFO] [GameService] Game is already over
[2025-05-17 13:31:38] [INFO] [GameController] Player selected word: ENVIRONMENTAL
[2025-05-17 13:31:38] [INFO] [GameService] Game is already over
[2025-05-17 13:31:39] [INFO] [GameController] Player selected word: PREOCCUPATION
[2025-05-17 13:31:39] [INFO] [GameService] Game is already over
[2025-05-17 13:31:39] [INFO] [GameController] Player selected word: STRIKEBREAKER
[2025-05-17 13:31:39] [INFO] [GameService] Game is already over
[2025-05-17 13:31:40] [INFO] [GameController] Player selected word: REVOLUTIONARY
[2025-05-17 13:31:40] [INFO] [GameService] Game is already over
[2025-05-17 13:31:41] [INFO] [GameController] New game requested
[2025-05-17 13:31:41] [INFO] [GameService] New game started with target word: AMPUTATE
[2025-05-17 13:31:41] [INFO] [GameService] Word options: ATTITUDE, AMPUTATE, ORGANIZE, RELIABLE, DISCOUNT, RHETORIC, WITHDRAW, CONFLICT
[2025-05-17 13:31:45] [INFO] [GameController] Player selected word: AMPUTATE
[2025-05-17 13:31:45] [INFO] [ScoreManager] Game won on attempt 1 with score 200
[2025-05-17 13:31:45] [INFO] [ScoreManager] Scores saved successfully
[2025-05-17 13:31:45] [INFO] [GameService] Player won on attempt 1 with score 200
[2025-05-17 13:31:46] [INFO] [GameController] Player selected word: RHETORIC
[2025-05-17 13:31:46] [INFO] [GameService] Game is already over
[2025-05-17 13:31:47] [INFO] [GameController] Player selected word: WITHDRAW
[2025-05-17 13:31:47] [INFO] [GameService] Game is already over
[2025-05-17 13:31:47] [INFO] [GameController] Player selected word: ORGANIZE
[2025-05-17 13:31:47] [INFO] [GameService] Game is already over
[2025-05-17 13:31:48] [INFO] [GameController] Player selected word: RELIABLE
[2025-05-17 13:31:48] [INFO] [GameService] Game is already over
[2025-05-17 13:31:48] [INFO] [GameController] Player selected word: CONFLICT
[2025-05-17 13:31:48] [INFO] [GameService] Game is already over
[2025-05-17 13:31:49] [INFO] [GameController] Player selected word: DISCOUNT
[2025-05-17 13:31:49] [INFO] [GameService] Game is already over
[2025-05-17 13:31:49] [INFO] [GameController] Player selected word: ATTITUDE
[2025-05-17 13:31:49] [INFO] [GameService] Game is already over
[2025-05-17 13:34:41] [INFO] [Main] Starting Decryption application
[2025-05-17 13:34:41] [INFO] [WordListProvider] Loaded words from /wordlists/wordslength3.txt
[2025-05-17 13:34:41] [INFO] [WordListProvider] Loaded words from /wordlists/wordslength4.txt
[2025-05-17 13:34:41] [INFO] [WordListProvider] Loaded words from /wordlists/wordslength5.txt
[2025-05-17 13:34:41] [INFO] [WordListProvider] Loaded words from /wordlists/wordslength6.txt
[2025-05-17 13:34:41] [INFO] [WordListProvider] Loaded words from /wordlists/wordslength7.txt
[2025-05-17 13:34:41] [INFO] [WordListProvider] Loaded words from /wordlists/wordslength8.txt
[2025-05-17 13:34:41] [INFO] [WordListProvider] Loaded words from /wordlists/wordslength9.txt
[2025-05-17 13:34:41] [INFO] [WordListProvider] Loaded words from /wordlists/wordslength10.txt
[2025-05-17 13:34:41] [INFO] [WordListProvider] Loaded words from /wordlists/wordslength11.txt
[2025-05-17 13:34:41] [INFO] [WordListProvider] Loaded words from /wordlists/wordslength12.txt
[2025-05-17 13:34:41] [INFO] [WordListProvider] Loaded words from /wordlists/wordslength13.txt
[2025-05-17 13:34:41] [INFO] [WordListProvider] Loaded words from /wordlists/wordslength14.txt
[2025-05-17 13:34:41] [INFO] [WordListProvider] Total words loaded: 3236
[2025-05-17 13:34:41] [INFO] [ScoreManager] Scores loaded successfully
[2025-05-17 13:34:41] [INFO] [GameService] New game started with target word: ADD
[2025-05-17 13:34:41] [INFO] [GameService] Word options: TIP, ADD, JAW, PIE, MAP, ARM, MUG, NUT
[2025-05-17 13:34:41] [INFO] [Main] Application started successfully
[2025-05-17 13:34:42] [INFO] [GameController] Player selected word: ADD
[2025-05-17 13:34:42] [INFO] [ScoreManager] Game won on attempt 1 with score 200
[2025-05-17 13:34:42] [INFO] [ScoreManager] Scores saved successfully
[2025-05-17 13:34:42] [INFO] [GameService] Player won on attempt 1 with score 200
[2025-05-17 13:34:47] [INFO] [GameController] New game requested
[2025-05-17 13:34:47] [INFO] [GameService] New game started with target word: OBSCURE
[2025-05-17 13:34:47] [INFO] [GameService] Word options: RECOVER, MENTION, APPROVE, OBSCURE, COMPANY, PROBLEM, GLIMPSE, WELCOME
[2025-05-17 13:34:48] [INFO] [GameController] Player selected word: MENTION
[2025-05-17 13:34:49] [INFO] [GameController] Player selected word: RECOVER
[2025-05-17 13:34:50] [INFO] [GameController] Player selected word: COMPANY
[2025-05-17 13:34:50] [INFO] [GameController] Player selected word: PROBLEM
[2025-05-17 13:34:51] [INFO] [GameController] Player selected word: GLIMPSE
[2025-05-17 13:34:51] [INFO] [ScoreManager] Game lost after 5 attempts
[2025-05-17 13:34:51] [INFO] [ScoreManager] Scores saved successfully
[2025-05-17 13:34:51] [INFO] [GameService] Player lost after 5 attempts
[2025-05-17 13:34:52] [INFO] [GameController] New game requested
[2025-05-17 13:34:52] [INFO] [GameService] New game started with target word: THEME
[2025-05-17 13:34:52] [INFO] [GameService] Word options: TEMPT, THEME, KNIFE, ACUTE, HARSH, VOTER, YEARN, ELITE
[2025-05-17 13:34:54] [INFO] [GameController] Player selected word: KNIFE
[2025-05-17 13:34:54] [INFO] [GameController] Player selected word: VOTER
[2025-05-17 13:34:55] [INFO] [GameController] Player selected word: THEME
[2025-05-17 13:34:55] [INFO] [ScoreManager] Game won on attempt 3 with score 100
[2025-05-17 13:34:55] [INFO] [ScoreManager] Scores saved successfully
[2025-05-17 13:34:55] [INFO] [GameService] Player won on attempt 3 with score 100
[2025-05-17 13:34:57] [INFO] [GameController] New game requested
[2025-05-17 13:34:57] [INFO] [GameService] New game started with target word: PHOTOGRAPHY
[2025-05-17 13:34:57] [INFO] [GameService] Word options: COMMEMORATE, PERFORMANCE, INCONGRUOUS, CONSUMPTION, SYMPATHETIC, PHOTOGRAPHY, RESPONSIBLE, EXPENDITURE
[2025-05-17 13:34:58] [INFO] [GameController] Statistics requested
[2025-05-17 13:35:04] [INFO] [GameController] Player selected word: RESPONSIBLE
[2025-05-17 13:35:05] [INFO] [GameController] Player selected word: PHOTOGRAPHY
[2025-05-17 13:35:05] [INFO] [ScoreManager] Game won on attempt 2 with score 150
[2025-05-17 13:35:05] [INFO] [ScoreManager] Scores saved successfully
[2025-05-17 13:35:05] [INFO] [GameService] Player won on attempt 2 with score 150
[2025-05-17 13:35:07] [INFO] [Main] Application shutting down
[2025-05-17 13:40:04] [INFO] [Main] Starting Decryption application
[2025-05-17 13:40:04] [INFO] [WordListProvider] Loaded words from /wordlists/wordslength3.txt
[2025-05-17 13:40:04] [INFO] [WordListProvider] Loaded words from /wordlists/wordslength4.txt
[2025-05-17 13:40:04] [INFO] [WordListProvider] Loaded words from /wordlists/wordslength5.txt
[2025-05-17 13:40:04] [INFO] [WordListProvider] Loaded words from /wordlists/wordslength6.txt
[2025-05-17 13:40:04] [INFO] [WordListProvider] Loaded words from /wordlists/wordslength7.txt
[2025-05-17 13:40:04] [INFO] [WordListProvider] Loaded words from /wordlists/wordslength8.txt
[2025-05-17 13:40:04] [INFO] [WordListProvider] Loaded words from /wordlists/wordslength9.txt
[2025-05-17 13:40:04] [INFO] [WordListProvider] Loaded words from /wordlists/wordslength10.txt
[2025-05-17 13:40:04] [INFO] [WordListProvider] Loaded words from /wordlists/wordslength11.txt
[2025-05-17 13:40:04] [INFO] [WordListProvider] Loaded words from /wordlists/wordslength12.txt
[2025-05-17 13:40:04] [INFO] [WordListProvider] Loaded words from /wordlists/wordslength13.txt
[2025-05-17 13:40:04] [INFO] [WordListProvider] Loaded words from /wordlists/wordslength14.txt
[2025-05-17 13:40:04] [INFO] [WordListProvider] Total words loaded: 3236
[2025-05-17 13:40:04] [INFO] [ScoreManager] Scores loaded successfully
[2025-05-17 13:40:05] [INFO] [GameService] New game started with target word: RECOMMENDATION
[2025-05-17 13:40:05] [INFO] [GameService] Word options: REHABILITATION, REPRESENTATIVE, RESPONSIBILITY, COMPUTER VIRUS, SUPERINTENDENT, ADMINISTRATION, DISAPPOINTMENT, RECOMMENDATION
[2025-05-17 13:40:05] [INFO] [Main] Application started successfully
[2025-05-17 13:40:13] [INFO] [GameController] Player selected word: REHABILITATION
[2025-05-17 13:40:16] [INFO] [GameController] Player selected word: REPRESENTATIVE
[2025-05-17 13:40:17] [INFO] [GameController] Player selected word: RESPONSIBILITY
[2025-05-17 13:40:18] [INFO] [GameController] Player selected word: COMPUTER VIRUS
[2025-05-17 13:40:18] [INFO] [GameController] Player selected word: SUPERINTENDENT
[2025-05-17 13:40:18] [INFO] [ScoreManager] Game lost after 5 attempts
[2025-05-17 13:40:18] [INFO] [ScoreManager] Scores saved successfully
[2025-05-17 13:40:18] [INFO] [GameService] Player lost after 5 attempts
[2025-05-17 13:40:23] [INFO] [GameController] New game requested
[2025-05-17 13:40:23] [INFO] [GameService] New game started with target word: SURVIVAL
[2025-05-17 13:40:23] [INFO] [GameService] Word options: SUITCASE, FUNCTION, TRAINING, DIVIDEND, ABSOLUTE, IMPOSTER, SURVIVAL, NECKLACE
[2025-05-17 13:40:24] [INFO] [GameController] Player selected word: SURVIVAL
[2025-05-17 13:40:24] [INFO] [ScoreManager] Game won on attempt 1 with score 200
[2025-05-17 13:40:24] [INFO] [ScoreManager] Scores saved successfully
[2025-05-17 13:40:24] [INFO] [GameService] Player won on attempt 1 with score 200
[2025-05-17 13:40:57] [INFO] [Main] Application shutting down
[2025-05-17 13:41:55] [INFO] [Main] Starting Decryption application
[2025-05-17 13:41:55] [INFO] [WordListProvider] Loaded words from /wordlists/wordslength3.txt
[2025-05-17 13:41:55] [INFO] [WordListProvider] Loaded words from /wordlists/wordslength4.txt
[2025-05-17 13:41:55] [INFO] [WordListProvider] Loaded words from /wordlists/wordslength5.txt
[2025-05-17 13:41:55] [INFO] [WordListProvider] Loaded words from /wordlists/wordslength6.txt
[2025-05-17 13:41:55] [INFO] [WordListProvider] Loaded words from /wordlists/wordslength7.txt
[2025-05-17 13:41:55] [INFO] [WordListProvider] Loaded words from /wordlists/wordslength8.txt
[2025-05-17 13:41:55] [INFO] [WordListProvider] Loaded words from /wordlists/wordslength9.txt
[2025-05-17 13:41:55] [INFO] [WordListProvider] Loaded words from /wordlists/wordslength10.txt
[2025-05-17 13:41:55] [INFO] [WordListProvider] Loaded words from /wordlists/wordslength11.txt
[2025-05-17 13:41:55] [INFO] [WordListProvider] Loaded words from /wordlists/wordslength12.txt
[2025-05-17 13:41:55] [INFO] [WordListProvider] Loaded words from /wordlists/wordslength13.txt
[2025-05-17 13:41:55] [INFO] [WordListProvider] Loaded words from /wordlists/wordslength14.txt
[2025-05-17 13:41:55] [INFO] [WordListProvider] Total words loaded: 3236
[2025-05-17 13:41:55] [INFO] [ScoreManager] Scores loaded successfully
[2025-05-17 13:41:55] [INFO] [GameService] New game started with target word: CONSTITUTION
[2025-05-17 13:41:55] [INFO] [GameService] Word options: PROFESSIONAL, CONTEMPORARY, CONSERVATION, JURISDICTION, ACQUAINTANCE, COMPENSATION, CONSTITUTION, ARCHITECTURE
[2025-05-17 13:41:55] [INFO] [Main] Application started successfully
[2025-05-17 13:41:57] [INFO] [GameController] Player selected word: PROFESSIONAL
[2025-05-17 13:41:58] [INFO] [GameController] Player selected word: CONTEMPORARY
[2025-05-17 13:42:00] [INFO] [GameController] Player selected word: CONSERVATION
[2025-05-17 13:42:02] [INFO] [GameController] Player selected word: COMPENSATION
[2025-05-17 13:42:03] [INFO] [GameController] Player selected word: CONSTITUTION
[2025-05-17 13:42:03] [INFO] [ScoreManager] Game won on attempt 5 with score 0
[2025-05-17 13:42:03] [INFO] [ScoreManager] Scores saved successfully
[2025-05-17 13:42:03] [INFO] [GameService] Player won on attempt 5 with score 0
[2025-05-17 13:42:06] [INFO] [GameController] New game requested
[2025-05-17 13:42:06] [INFO] [GameService] New game started with target word: LEFT
[2025-05-17 13:42:06] [INFO] [GameService] Word options: TEAM, FOOL, DUKE, WILL, PAGE, WEAR, PAIN, LEFT
[2025-05-17 13:42:07] [INFO] [GameController] Player selected word: WEAR
[2025-05-17 13:42:09] [INFO] [GameController] Player selected word: FOOL
[2025-05-17 13:42:15] [INFO] [GameController] Player selected word: DUKE
[2025-05-17 13:42:23] [INFO] [GameController] Player selected word: PAIN
[2025-05-17 13:42:28] [INFO] [GameController] Player selected word: PAGE
[2025-05-17 13:42:28] [INFO] [ScoreManager] Game lost after 5 attempts
[2025-05-17 13:42:28] [INFO] [ScoreManager] Scores saved successfully
[2025-05-17 13:42:28] [INFO] [GameService] Player lost after 5 attempts
[2025-05-17 13:42:33] [INFO] [Main] Application shutting down
[2025-05-17 13:44:09] [INFO] [Main] Starting Decryption application
[2025-05-17 13:44:09] [INFO] [WordListProvider] Loaded words from /wordlists/wordslength3.txt
[2025-05-17 13:44:09] [INFO] [WordListProvider] Loaded words from /wordlists/wordslength4.txt
[2025-05-17 13:44:09] [INFO] [WordListProvider] Loaded words from /wordlists/wordslength5.txt
[2025-05-17 13:44:09] [INFO] [WordListProvider] Loaded words from /wordlists/wordslength6.txt
[2025-05-17 13:44:09] [INFO] [WordListProvider] Loaded words from /wordlists/wordslength7.txt
[2025-05-17 13:44:09] [INFO] [WordListProvider] Loaded words from /wordlists/wordslength8.txt
[2025-05-17 13:44:09] [INFO] [WordListProvider] Loaded words from /wordlists/wordslength9.txt
[2025-05-17 13:44:09] [INFO] [WordListProvider] Loaded words from /wordlists/wordslength10.txt
[2025-05-17 13:44:09] [INFO] [WordListProvider] Loaded words from /wordlists/wordslength11.txt
[2025-05-17 13:44:09] [INFO] [WordListProvider] Loaded words from /wordlists/wordslength12.txt
[2025-05-17 13:44:09] [INFO] [WordListProvider] Loaded words from /wordlists/wordslength13.txt
[2025-05-17 13:44:09] [INFO] [WordListProvider] Loaded words from /wordlists/wordslength14.txt
[2025-05-17 13:44:09] [INFO] [WordListProvider] Total words loaded: 3236
[2025-05-17 13:44:09] [INFO] [ScoreManager] Scores loaded successfully
[2025-05-17 13:44:10] [INFO] [GameService] New game started with target word: MANUFACTURER
[2025-05-17 13:44:10] [INFO] [GameService] Word options: MANUFACTURER, ARCHITECTURE, REFRIGERATOR, INTERFERENCE, CONSERVATION, CONSTITUENCY, HEADQUARTERS, INTERVENTION
[2025-05-17 13:44:10] [INFO] [Main] Application started successfully
[2025-05-17 13:44:11] [INFO] [GameController] Player selected word: CONSTITUENCY
[2025-05-17 13:44:14] [INFO] [GameController] Player selected word: ARCHITECTURE
[2025-05-17 13:44:15] [INFO] [GameController] Player selected word: MANUFACTURER
[2025-05-17 13:44:15] [INFO] [ScoreManager] Game won on attempt 3 with score 100
[2025-05-17 13:44:15] [INFO] [ScoreManager] Scores saved successfully
[2025-05-17 13:44:15] [INFO] [GameService] Player won on attempt 3 with score 100
[2025-05-17 13:44:17] [INFO] [GameController] New game requested
[2025-05-17 13:44:17] [INFO] [GameService] New game started with target word: DEMONSTRATION
[2025-05-17 13:44:17] [INFO] [GameService] Word options: CONTRADICTION, ENTERTAINMENT, COMMUNICATION, CONSIDERATION, CONCENTRATION, PREOCCUPATION, DEMONSTRATION, QUALIFICATION
[2025-05-17 13:44:18] [INFO] [GameController] Player selected word: ENTERTAINMENT
[2025-05-17 13:44:20] [INFO] [GameController] Player selected word: CONSIDERATION
[2025-05-17 13:44:23] [INFO] [GameController] Player selected word: QUALIFICATION
[2025-05-17 13:44:24] [INFO] [GameController] Player selected word: CONCENTRATION
[2025-05-17 13:44:25] [INFO] [GameController] Player selected word: CONTRADICTION
[2025-05-17 13:44:25] [INFO] [ScoreManager] Game lost after 5 attempts
[2025-05-17 13:44:25] [INFO] [ScoreManager] Scores saved successfully
[2025-05-17 13:44:25] [INFO] [GameService] Player lost after 5 attempts
[2025-05-17 13:44:34] [INFO] [Main] Application shutting down
[2025-05-17 13:45:04] [INFO] [Main] Starting Decryption application
[2025-05-17 13:45:04] [INFO] [WordListProvider] Loaded words from /wordlists/wordslength3.txt
[2025-05-17 13:45:04] [INFO] [WordListProvider] Loaded words from /wordlists/wordslength4.txt
[2025-05-17 13:45:04] [INFO] [WordListProvider] Loaded words from /wordlists/wordslength5.txt
[2025-05-17 13:45:04] [INFO] [WordListProvider] Loaded words from /wordlists/wordslength6.txt
[2025-05-17 13:45:04] [INFO] [WordListProvider] Loaded words from /wordlists/wordslength7.txt
[2025-05-17 13:45:04] [INFO] [WordListProvider] Loaded words from /wordlists/wordslength8.txt
[2025-05-17 13:45:04] [INFO] [WordListProvider] Loaded words from /wordlists/wordslength9.txt
[2025-05-17 13:45:04] [INFO] [WordListProvider] Loaded words from /wordlists/wordslength10.txt
[2025-05-17 13:45:04] [INFO] [WordListProvider] Loaded words from /wordlists/wordslength11.txt
[2025-05-17 13:45:04] [INFO] [WordListProvider] Loaded words from /wordlists/wordslength12.txt
[2025-05-17 13:45:04] [INFO] [WordListProvider] Loaded words from /wordlists/wordslength13.txt
[2025-05-17 13:45:04] [INFO] [WordListProvider] Loaded words from /wordlists/wordslength14.txt
[2025-05-17 13:45:04] [INFO] [WordListProvider] Total words loaded: 3236
[2025-05-17 13:45:04] [INFO] [ScoreManager] Scores loaded successfully
[2025-05-17 13:45:05] [INFO] [GameService] New game started with target word: BLAND
[2025-05-17 13:45:05] [INFO] [GameService] Word options: WRONG, VOTER, SPOIL, WEIGH, MODEL, THANK, BLAND, FAINT
[2025-05-17 13:45:05] [INFO] [Main] Application started successfully
[2025-05-17 13:45:06] [INFO] [GameController] Player selected word: THANK
[2025-05-17 13:45:16] [INFO] [Main] Application shutting down
[2025-05-17 13:47:58] [INFO] [Main] Starting Decryption application
[2025-05-17 13:47:58] [INFO] [WordListProvider] Loaded words from /wordlists/wordslength3.txt
[2025-05-17 13:47:58] [INFO] [WordListProvider] Loaded words from /wordlists/wordslength4.txt
[2025-05-17 13:47:58] [INFO] [WordListProvider] Loaded words from /wordlists/wordslength5.txt
[2025-05-17 13:47:58] [INFO] [WordListProvider] Loaded words from /wordlists/wordslength6.txt
[2025-05-17 13:47:58] [INFO] [WordListProvider] Loaded words from /wordlists/wordslength7.txt
[2025-05-17 13:47:58] [INFO] [WordListProvider] Loaded words from /wordlists/wordslength8.txt
[2025-05-17 13:47:58] [INFO] [WordListProvider] Loaded words from /wordlists/wordslength9.txt
[2025-05-17 13:47:58] [INFO] [WordListProvider] Loaded words from /wordlists/wordslength10.txt
[2025-05-17 13:47:58] [INFO] [WordListProvider] Loaded words from /wordlists/wordslength11.txt
[2025-05-17 13:47:58] [INFO] [WordListProvider] Loaded words from /wordlists/wordslength12.txt
[2025-05-17 13:47:58] [INFO] [WordListProvider] Loaded words from /wordlists/wordslength13.txt
[2025-05-17 13:47:58] [INFO] [WordListProvider] Loaded words from /wordlists/wordslength14.txt
[2025-05-17 13:47:58] [INFO] [WordListProvider] Total words loaded: 3236
[2025-05-17 13:47:58] [INFO] [ScoreManager] Scores loaded successfully
[2025-05-17 13:47:58] [INFO] [GameService] New game started with target word: ENVIRONMENTAL
[2025-05-17 13:47:58] [INFO] [GameService] Word options: PREOCCUPATION, UNDERSTANDING, COMMUNICATION, ENTERTAINMENT, REVOLUTIONARY, ENVIRONMENTAL, QUALIFICATION, SHORT CIRCUIT
[2025-05-17 13:47:58] [INFO] [Main] Application started successfully
[2025-05-17 13:47:59] [INFO] [GameController] Player selected word: UNDERSTANDING
[2025-05-17 13:48:00] [INFO] [GameController] Player selected word: ENVIRONMENTAL
[2025-05-17 13:48:00] [INFO] [ScoreManager] Game won on attempt 2 with score 150
[2025-05-17 13:48:00] [INFO] [ScoreManager] Scores saved successfully
[2025-05-17 13:48:00] [INFO] [GameService] Player won on attempt 2 with score 150
[2025-05-17 13:48:03] [INFO] [Main] Application shutting down
[2025-05-17 13:48:20] [INFO] [Main] Starting Decryption application
[2025-05-17 13:48:20] [INFO] [WordListProvider] Loaded words from /wordlists/wordslength3.txt
[2025-05-17 13:48:20] [INFO] [WordListProvider] Loaded words from /wordlists/wordslength4.txt
[2025-05-17 13:48:20] [INFO] [WordListProvider] Loaded words from /wordlists/wordslength5.txt
[2025-05-17 13:48:20] [INFO] [WordListProvider] Loaded words from /wordlists/wordslength6.txt
[2025-05-17 13:48:20] [INFO] [WordListProvider] Loaded words from /wordlists/wordslength7.txt
[2025-05-17 13:48:20] [INFO] [WordListProvider] Loaded words from /wordlists/wordslength8.txt
[2025-05-17 13:48:20] [INFO] [WordListProvider] Loaded words from /wordlists/wordslength9.txt
[2025-05-17 13:48:20] [INFO] [WordListProvider] Loaded words from /wordlists/wordslength10.txt
[2025-05-17 13:48:20] [INFO] [WordListProvider] Loaded words from /wordlists/wordslength11.txt
[2025-05-17 13:48:20] [INFO] [WordListProvider] Loaded words from /wordlists/wordslength12.txt
[2025-05-17 13:48:20] [INFO] [WordListProvider] Loaded words from /wordlists/wordslength13.txt
[2025-05-17 13:48:20] [INFO] [WordListProvider] Loaded words from /wordlists/wordslength14.txt
[2025-05-17 13:48:20] [INFO] [WordListProvider] Total words loaded: 3236
[2025-05-17 13:48:20] [INFO] [ScoreManager] Scores loaded successfully
[2025-05-17 13:48:21] [INFO] [GameService] New game started with target word: HORSESHOE
[2025-05-17 13:48:21] [INFO] [GameService] Word options: MAGNITUDE, SATELLITE, AMBIGUITY, TIMETABLE, VARIATION, EXCEPTION, HORSESHOE, INTENSIFY
[2025-05-17 13:48:21] [INFO] [Main] Application started successfully
[2025-05-17 13:48:22] [INFO] [GameController] Player selected word: EXCEPTION
[2025-05-17 13:48:23] [INFO] [GameController] Player selected word: AMBIGUITY
[2025-05-17 13:48:24] [INFO] [GameController] Player selected word: SATELLITE
[2025-05-17 13:48:26] [INFO] [GameController] Player selected word: VARIATION
[2025-05-17 13:48:28] [INFO] [GameController] Player selected word: MAGNITUDE
[2025-05-17 13:48:28] [INFO] [ScoreManager] Game lost after 5 attempts
[2025-05-17 13:48:28] [INFO] [ScoreManager] Scores saved successfully
[2025-05-17 13:48:28] [INFO] [GameService] Player lost after 5 attempts
[2025-05-17 13:48:41] [INFO] [GameController] New game requested
[2025-05-17 13:48:41] [INFO] [GameService] New game started with target word: GAP
[2025-05-17 13:48:41] [INFO] [GameService] Word options: JAW, TIP, MAP, FLY, GAP, FEW, MIX, HIP
[2025-05-17 13:48:43] [INFO] [GameController] Player selected word: FEW
[2025-05-17 13:48:44] [INFO] [GameController] Player selected word: MIX
[2025-05-17 13:48:52] [INFO] [GameController] Player selected word: JAW
[2025-05-17 13:48:55] [INFO] [GameController] Player selected word: MAP
[2025-05-17 13:48:57] [INFO] [GameController] Player selected word: GAP
[2025-05-17 13:48:57] [INFO] [ScoreManager] Game won on attempt 5 with score 0
[2025-05-17 13:48:57] [INFO] [ScoreManager] Scores saved successfully
[2025-05-17 13:48:57] [INFO] [GameService] Player won on attempt 5 with score 0
[2025-05-17 13:49:03] [INFO] [Main] Application shutting down
